TN:
SF:src/app.module.ts
FNF:0
FNH:0
DA:1,0
DA:2,0
DA:3,0
DA:4,0
DA:5,0
DA:6,0
DA:7,0
DA:8,0
DA:9,0
DA:10,0
DA:11,0
DA:12,0
DA:13,0
DA:14,0
DA:15,0
DA:16,0
DA:17,0
DA:18,0
DA:19,0
DA:20,0
DA:21,0
DA:22,0
DA:23,0
DA:24,0
DA:25,0
DA:26,0
DA:27,0
DA:28,0
DA:29,0
DA:30,0
DA:31,0
DA:32,0
DA:33,0
DA:34,0
DA:35,0
DA:36,0
DA:37,0
DA:38,0
DA:39,0
DA:40,0
DA:89,0
LF:41
LH:0
BRF:0
BRH:0
end_of_record
TN:
SF:src/main.ts
FN:7,bootstrap
FN:15,(anonymous_2)
FNF:2
FNH:0
FNDA:0,bootstrap
FNDA:0,(anonymous_2)
DA:1,0
DA:2,0
DA:3,0
DA:4,0
DA:5,0
DA:8,0
DA:12,0
DA:14,0
DA:16,0
DA:23,0
DA:24,0
DA:29,0
DA:33,0
DA:34,0
DA:36,0
DA:42,0
DA:50,0
DA:52,0
DA:54,0
DA:56,0
DA:57,0
DA:59,0
LF:22
LH:0
BRDA:23,0,0,0
BRDA:23,0,1,0
BRDA:33,1,0,0
BRDA:33,1,1,0
BRDA:33,2,0,0
BRDA:33,2,1,0
BRDA:54,3,0,0
BRDA:54,3,1,0
BRF:8
BRH:0
end_of_record
TN:
SF:src/admin/admin.controller.ts
FN:33,(anonymous_4)
FN:42,(anonymous_5)
FN:51,(anonymous_6)
FN:60,(anonymous_7)
FN:69,(anonymous_8)
FN:78,(anonymous_9)
FN:89,(anonymous_10)
FN:98,(anonymous_11)
FN:107,(anonymous_12)
FN:116,(anonymous_13)
FN:125,(anonymous_14)
FN:136,(anonymous_15)
FN:145,(anonymous_16)
FN:154,(anonymous_17)
FN:163,(anonymous_18)
FN:172,(anonymous_19)
FN:183,(anonymous_20)
FN:192,(anonymous_21)
FN:201,(anonymous_22)
FN:218,(anonymous_23)
FN:235,(anonymous_24)
FN:249,(anonymous_25)
FN:273,(anonymous_26)
FN:289,(anonymous_27)
FN:309,(anonymous_28)
FN:328,(anonymous_29)
FN:351,(anonymous_30)
FN:360,(anonymous_31)
FNF:28
FNH:0
FNDA:0,(anonymous_4)
FNDA:0,(anonymous_5)
FNDA:0,(anonymous_6)
FNDA:0,(anonymous_7)
FNDA:0,(anonymous_8)
FNDA:0,(anonymous_9)
FNDA:0,(anonymous_10)
FNDA:0,(anonymous_11)
FNDA:0,(anonymous_12)
FNDA:0,(anonymous_13)
FNDA:0,(anonymous_14)
FNDA:0,(anonymous_15)
FNDA:0,(anonymous_16)
FNDA:0,(anonymous_17)
FNDA:0,(anonymous_18)
FNDA:0,(anonymous_19)
FNDA:0,(anonymous_20)
FNDA:0,(anonymous_21)
FNDA:0,(anonymous_22)
FNDA:0,(anonymous_23)
FNDA:0,(anonymous_24)
FNDA:0,(anonymous_25)
FNDA:0,(anonymous_26)
FNDA:0,(anonymous_27)
FNDA:0,(anonymous_28)
FNDA:0,(anonymous_29)
FNDA:0,(anonymous_30)
FNDA:0,(anonymous_31)
DA:1,0
DA:12,0
DA:13,0
DA:14,0
DA:15,0
DA:16,0
DA:17,0
DA:18,0
DA:19,0
DA:20,0
DA:21,0
DA:22,0
DA:23,0
DA:24,0
DA:28,0
DA:32,0
DA:34,0
DA:35,0
DA:36,0
DA:42,0
DA:43,0
DA:44,0
DA:51,0
DA:52,0
DA:53,0
DA:60,0
DA:61,0
DA:62,0
DA:69,0
DA:70,0
DA:71,0
DA:78,0
DA:79,0
DA:80,0
DA:89,0
DA:90,0
DA:91,0
DA:98,0
DA:99,0
DA:100,0
DA:107,0
DA:108,0
DA:109,0
DA:116,0
DA:117,0
DA:118,0
DA:125,0
DA:126,0
DA:127,0
DA:136,0
DA:137,0
DA:138,0
DA:145,0
DA:146,0
DA:147,0
DA:154,0
DA:155,0
DA:156,0
DA:163,0
DA:164,0
DA:165,0
DA:172,0
DA:173,0
DA:174,0
DA:183,0
DA:184,0
DA:185,0
DA:192,0
DA:193,0
DA:194,0
DA:201,0
DA:205,0
DA:211,0
DA:218,0
DA:223,0
DA:228,0
DA:235,0
DA:239,0
DA:240,0
DA:249,0
DA:250,0
DA:266,0
DA:273,0
DA:275,0
DA:278,0
DA:279,0
DA:281,0
DA:282,0
DA:289,0
DA:291,0
DA:294,0
DA:295,0
DA:297,0
DA:302,0
DA:309,0
DA:314,0
DA:317,0
DA:318,0
DA:320,0
DA:321,0
DA:328,0
DA:333,0
DA:336,0
DA:337,0
DA:339,0
DA:344,0
DA:351,0
DA:352,0
DA:353,0
DA:360,0
DA:362,0
DA:365,0
DA:366,0
DA:368,0
DA:369,0
LF:115
LH:0
BRDA:278,0,0,0
BRDA:278,0,1,0
BRDA:294,1,0,0
BRDA:294,1,1,0
BRDA:317,2,0,0
BRDA:317,2,1,0
BRDA:336,3,0,0
BRDA:336,3,1,0
BRDA:365,4,0,0
BRDA:365,4,1,0
BRDA:60,5,0,0
BRDA:60,5,1,0
BRDA:60,6,0,0
BRDA:60,6,1,0
BRDA:69,7,0,0
BRDA:69,7,1,0
BRDA:69,8,0,0
BRDA:69,8,1,0
BRDA:107,9,0,0
BRDA:107,9,1,0
BRDA:107,10,0,0
BRDA:107,10,1,0
BRDA:116,11,0,0
BRDA:116,11,1,0
BRDA:116,12,0,0
BRDA:116,12,1,0
BRDA:154,13,0,0
BRDA:154,13,1,0
BRDA:154,14,0,0
BRDA:154,14,1,0
BRDA:163,15,0,0
BRDA:163,15,1,0
BRDA:163,16,0,0
BRDA:163,16,1,0
BRDA:203,17,0,0
BRDA:203,17,1,0
BRDA:203,18,0,0
BRDA:203,18,1,0
BRDA:289,19,0,0
BRDA:289,19,1,0
BRDA:289,20,0,0
BRDA:289,20,1,0
BRDA:311,21,0,0
BRDA:311,21,1,0
BRDA:311,22,0,0
BRDA:311,22,1,0
BRDA:330,23,0,0
BRDA:330,23,1,0
BRDA:330,24,0,0
BRDA:330,24,1,0
BRDA:34,25,0,0
BRDA:34,25,1,0
BRDA:34,26,0,0
BRDA:34,26,1,0
BRDA:34,27,0,0
BRDA:34,27,1,0
BRDA:34,28,0,0
BRDA:34,28,1,0
BRDA:35,29,0,0
BRDA:35,29,1,0
BRDA:35,30,0,0
BRDA:35,30,1,0
BRF:62
BRH:0
end_of_record
TN:
SF:src/admin/admin.module.ts
FNF:0
FNH:0
DA:1,0
DA:2,0
DA:3,0
DA:4,0
DA:5,0
DA:13,0
LF:6
LH:0
BRF:0
BRH:0
end_of_record
TN:
SF:src/admin/admin.service.ts
FN:31,(anonymous_11)
FN:35,(anonymous_12)
FN:65,(anonymous_13)
FN:96,(anonymous_14)
FN:153,(anonymous_15)
FN:226,(anonymous_16)
FN:247,(anonymous_17)
FN:277,(anonymous_18)
FN:311,(anonymous_19)
FN:335,(anonymous_20)
FN:347,(anonymous_21)
FN:365,(anonymous_22)
FN:420,(anonymous_23)
FN:422,(anonymous_24)
FN:430,(anonymous_25)
FN:443,(anonymous_26)
FN:461,(anonymous_27)
FN:474,(anonymous_28)
FN:496,(anonymous_29)
FN:521,(anonymous_30)
FN:567,(anonymous_31)
FN:615,(anonymous_32)
FN:645,(anonymous_33)
FN:677,(anonymous_34)
FN:721,(anonymous_35)
FN:792,(anonymous_36)
FN:831,(anonymous_37)
FNF:27
FNH:0
FNDA:0,(anonymous_11)
FNDA:0,(anonymous_12)
FNDA:0,(anonymous_13)
FNDA:0,(anonymous_14)
FNDA:0,(anonymous_15)
FNDA:0,(anonymous_16)
FNDA:0,(anonymous_17)
FNDA:0,(anonymous_18)
FNDA:0,(anonymous_19)
FNDA:0,(anonymous_20)
FNDA:0,(anonymous_21)
FNDA:0,(anonymous_22)
FNDA:0,(anonymous_23)
FNDA:0,(anonymous_24)
FNDA:0,(anonymous_25)
FNDA:0,(anonymous_26)
FNDA:0,(anonymous_27)
FNDA:0,(anonymous_28)
FNDA:0,(anonymous_29)
FNDA:0,(anonymous_30)
FNDA:0,(anonymous_31)
FNDA:0,(anonymous_32)
FNDA:0,(anonymous_33)
FNDA:0,(anonymous_34)
FNDA:0,(anonymous_35)
FNDA:0,(anonymous_36)
FNDA:0,(anonymous_37)
DA:1,0
DA:7,0
DA:8,0
DA:15,0
DA:16,0
DA:30,0
DA:31,0
DA:36,0
DA:66,0
DA:89,0
DA:90,0
DA:93,0
DA:98,0
DA:102,0
DA:103,0
DA:107,0
DA:108,0
DA:112,0
DA:113,0
DA:120,0
DA:121,0
DA:124,0
DA:154,0
DA:158,0
DA:159,0
DA:163,0
DA:164,0
DA:168,0
DA:169,0
DA:173,0
DA:174,0
DA:178,0
DA:179,0
DA:184,0
DA:185,0
DA:189,0
DA:190,0
DA:196,0
DA:227,0
DA:231,0
DA:232,0
DA:236,0
DA:237,0
DA:240,0
DA:248,0
DA:278,0
DA:304,0
DA:305,0
DA:308,0
DA:312,0
DA:316,0
DA:317,0
DA:320,0
DA:322,0
DA:333,0
DA:334,0
DA:335,0
DA:344,0
DA:348,0
DA:359,0
DA:360,0
DA:364,0
DA:365,0
DA:369,0
DA:370,0
DA:373,0
DA:374,0
DA:378,0
DA:379,0
DA:383,0
DA:390,0
DA:391,0
DA:395,0
DA:401,0
DA:403,0
DA:404,0
DA:413,0
DA:419,0
DA:421,0
DA:422,0
DA:424,0
DA:428,0
DA:429,0
DA:430,0
DA:440,0
DA:444,0
DA:455,0
DA:456,0
DA:460,0
DA:461,0
DA:463,0
DA:464,0
DA:467,0
DA:475,0
DA:479,0
DA:480,0
DA:483,0
DA:497,0
DA:514,0
DA:515,0
DA:518,0
DA:523,0
DA:527,0
DA:528,0
DA:532,0
DA:541,0
DA:542,0
DA:548,0
DA:552,0
DA:553,0
DA:556,0
DA:568,0
DA:575,0
DA:576,0
DA:580,0
DA:581,0
DA:590,0
DA:591,0
DA:599,0
DA:600,0
DA:601,0
DA:604,0
DA:616,0
DA:627,0
DA:628,0
DA:632,0
DA:633,0
DA:638,0
DA:646,0
DA:650,0
DA:651,0
DA:654,0
DA:678,0
DA:682,0
DA:683,0
DA:687,0
DA:728,0
DA:732,0
DA:733,0
DA:737,0
DA:741,0
DA:742,0
DA:746,0
DA:750,0
DA:751,0
DA:755,0
DA:764,0
DA:765,0
DA:769,0
DA:793,0
DA:797,0
DA:798,0
DA:802,0
DA:803,0
DA:808,0
DA:817,0
DA:818,0
DA:821,0
DA:836,0
DA:840,0
DA:841,0
DA:845,0
DA:849,0
DA:850,0
DA:853,0
DA:862,0
DA:863,0
DA:866,0
LF:168
LH:0
BRDA:89,0,0,0
BRDA:89,0,1,0
BRDA:102,1,0,0
BRDA:102,1,1,0
BRDA:107,2,0,0
BRDA:107,2,1,0
BRDA:112,3,0,0
BRDA:112,3,1,0
BRDA:120,4,0,0
BRDA:120,4,1,0
BRDA:142,5,0,0
BRDA:142,5,1,0
BRDA:143,6,0,0
BRDA:143,6,1,0
BRDA:158,7,0,0
BRDA:158,7,1,0
BRDA:163,8,0,0
BRDA:163,8,1,0
BRDA:163,9,0,0
BRDA:163,9,1,0
BRDA:168,10,0,0
BRDA:168,10,1,0
BRDA:168,11,0,0
BRDA:168,11,1,0
BRDA:173,12,0,0
BRDA:173,12,1,0
BRDA:173,13,0,0
BRDA:173,13,1,0
BRDA:178,14,0,0
BRDA:178,14,1,0
BRDA:184,15,0,0
BRDA:184,15,1,0
BRDA:184,16,0,0
BRDA:184,16,1,0
BRDA:189,17,0,0
BRDA:189,17,1,0
BRDA:231,18,0,0
BRDA:231,18,1,0
BRDA:236,19,0,0
BRDA:236,19,1,0
BRDA:304,20,0,0
BRDA:304,20,1,0
BRDA:316,21,0,0
BRDA:316,21,1,0
BRDA:328,22,0,0
BRDA:328,22,1,0
BRDA:333,23,0,0
BRDA:333,23,1,0
BRDA:333,24,0,0
BRDA:333,24,1,0
BRDA:339,25,0,0
BRDA:339,25,1,0
BRDA:359,26,0,0
BRDA:359,26,1,0
BRDA:369,27,0,0
BRDA:369,27,1,0
BRDA:369,28,0,0
BRDA:369,28,1,0
BRDA:373,29,0,0
BRDA:373,29,1,0
BRDA:373,30,0,0
BRDA:373,30,1,0
BRDA:378,31,0,0
BRDA:378,31,1,0
BRDA:390,32,0,0
BRDA:390,32,1,0
BRDA:401,33,0,0
BRDA:401,33,1,0
BRDA:403,34,0,0
BRDA:403,34,1,0
BRDA:419,35,0,0
BRDA:419,35,1,0
BRDA:428,36,0,0
BRDA:428,36,1,0
BRDA:434,37,0,0
BRDA:434,37,1,0
BRDA:455,38,0,0
BRDA:455,38,1,0
BRDA:463,39,0,0
BRDA:463,39,1,0
BRDA:479,40,0,0
BRDA:479,40,1,0
BRDA:514,41,0,0
BRDA:514,41,1,0
BRDA:527,42,0,0
BRDA:527,42,1,0
BRDA:541,43,0,0
BRDA:541,43,1,0
BRDA:548,44,0,0
BRDA:548,44,1,0
BRDA:552,45,0,0
BRDA:552,45,1,0
BRDA:561,46,0,0
BRDA:561,46,1,0
BRDA:575,47,0,0
BRDA:575,47,1,0
BRDA:580,48,0,0
BRDA:580,48,1,0
BRDA:580,49,0,0
BRDA:580,49,1,0
BRDA:590,50,0,0
BRDA:590,50,1,0
BRDA:600,51,0,0
BRDA:600,51,1,0
BRDA:600,52,0,0
BRDA:600,52,1,0
BRDA:627,53,0,0
BRDA:627,53,1,0
BRDA:632,54,0,0
BRDA:632,54,1,0
BRDA:650,55,0,0
BRDA:650,55,1,0
BRDA:682,56,0,0
BRDA:682,56,1,0
BRDA:732,57,0,0
BRDA:732,57,1,0
BRDA:741,58,0,0
BRDA:741,58,1,0
BRDA:750,59,0,0
BRDA:750,59,1,0
BRDA:750,60,0,0
BRDA:750,60,1,0
BRDA:764,61,0,0
BRDA:764,61,1,0
BRDA:774,62,0,0
BRDA:774,62,1,0
BRDA:797,63,0,0
BRDA:797,63,1,0
BRDA:802,64,0,0
BRDA:802,64,1,0
BRDA:817,65,0,0
BRDA:817,65,1,0
BRDA:840,66,0,0
BRDA:840,66,1,0
BRDA:849,67,0,0
BRDA:849,67,1,0
BRDA:849,68,0,0
BRDA:849,68,1,0
BRDA:862,69,0,0
BRDA:862,69,1,0
BRDA:31,70,0,0
BRDA:31,70,1,0
BRDA:31,71,0,0
BRDA:31,71,1,0
BRF:144
BRH:0
end_of_record
TN:
SF:src/admin/dto/assign-user-to-company.dto.ts
FNF:0
FNH:0
DA:1,0
DA:3,0
DA:6,0
DA:10,0
DA:14,0
LF:5
LH:0
BRF:0
BRH:0
end_of_record
TN:
SF:src/admin/dto/create-company.dto.ts
FNF:0
FNH:0
DA:1,0
DA:11,0
DA:13,0
DA:17,0
DA:23,0
DA:30,0
DA:35,0
DA:39,0
DA:43,0
DA:47,0
DA:51,0
DA:56,0
DA:61,0
DA:65,0
DA:69,0
DA:74,0
DA:81,0
DA:88,0
DA:93,0
DA:98,0
DA:103,0
DA:107,0
LF:22
LH:0
BRDA:103,0,0,0
BRDA:103,0,1,0
BRDA:103,1,0,0
BRDA:103,1,1,0
BRF:4
BRH:0
end_of_record
TN:
SF:src/admin/dto/create-role.dto.ts
FNF:0
FNH:0
DA:1,0
DA:10,0
DA:13,0
DA:17,0
DA:21,0
DA:25,0
DA:29,0
LF:7
LH:0
BRF:0
BRH:0
end_of_record
TN:
SF:src/admin/dto/create-user.dto.ts
FN:51,(anonymous_2)
FNF:1
FNH:0
FNDA:0,(anonymous_2)
DA:1,0
DA:11,0
DA:16,0
DA:20,0
DA:24,0
DA:27,0
DA:30,0
DA:35,0
DA:39,0
DA:43,0
DA:47,0
DA:51,0
DA:53,0
LF:13
LH:0
BRF:0
BRH:0
end_of_record
TN:
SF:src/admin/dto/update-company.dto.ts
FNF:0
FNH:0
DA:1,0
DA:2,0
DA:4,0
LF:3
LH:0
BRF:0
BRH:0
end_of_record
TN:
SF:src/admin/dto/update-role.dto.ts
FNF:0
FNH:0
DA:1,0
DA:2,0
DA:4,0
LF:3
LH:0
BRF:0
BRH:0
end_of_record
TN:
SF:src/admin/dto/update-user.dto.ts
FNF:0
FNH:0
DA:1,0
DA:2,0
DA:3,0
DA:5,0
DA:11,0
LF:5
LH:0
BRF:0
BRH:0
end_of_record
TN:
SF:src/attendance/attendance.module.ts
FNF:0
FNH:0
DA:1,0
DA:2,0
DA:3,0
DA:4,0
DA:12,0
LF:5
LH:0
BRF:0
BRH:0
end_of_record
TN:
SF:src/attendance/attendance.service.ts
FN:17,(anonymous_2)
FN:19,(anonymous_3)
FN:93,(anonymous_4)
FN:141,(anonymous_5)
FN:153,(anonymous_6)
FN:155,(anonymous_7)
FN:171,(anonymous_8)
FN:214,(anonymous_9)
FN:265,(anonymous_10)
FN:286,(anonymous_11)
FN:307,(anonymous_12)
FN:324,(anonymous_13)
FN:397,(anonymous_14)
FN:438,(anonymous_15)
FN:480,(anonymous_16)
FNF:15
FNH:0
FNDA:0,(anonymous_2)
FNDA:0,(anonymous_3)
FNDA:0,(anonymous_4)
FNDA:0,(anonymous_5)
FNDA:0,(anonymous_6)
FNDA:0,(anonymous_7)
FNDA:0,(anonymous_8)
FNDA:0,(anonymous_9)
FNDA:0,(anonymous_10)
FNDA:0,(anonymous_11)
FNDA:0,(anonymous_12)
FNDA:0,(anonymous_13)
FNDA:0,(anonymous_14)
FNDA:0,(anonymous_15)
FNDA:0,(anonymous_16)
DA:1,0
DA:7,0
DA:13,0
DA:16,0
DA:17,0
DA:24,0
DA:27,0
DA:31,0
DA:32,0
DA:36,0
DA:37,0
DA:47,0
DA:48,0
DA:54,0
DA:55,0
DA:56,0
DA:57,0
DA:58,0
DA:59,0
DA:60,0
DA:63,0
DA:80,0
DA:90,0
DA:104,0
DA:106,0
DA:108,0
DA:109,0
DA:112,0
DA:113,0
DA:116,0
DA:117,0
DA:120,0
DA:121,0
DA:122,0
DA:123,0
DA:125,0
DA:126,0
DA:130,0
DA:141,0
DA:142,0
DA:153,0
DA:155,0
DA:160,0
DA:172,0
DA:176,0
DA:177,0
DA:181,0
DA:198,0
DA:199,0
DA:200,0
DA:211,0
DA:215,0
DA:219,0
DA:220,0
DA:224,0
DA:225,0
DA:226,0
DA:229,0
DA:231,0
DA:232,0
DA:233,0
DA:234,0
DA:237,0
DA:252,0
DA:262,0
DA:266,0
DA:270,0
DA:271,0
DA:274,0
DA:283,0
DA:287,0
DA:291,0
DA:292,0
DA:295,0
DA:304,0
DA:308,0
DA:312,0
DA:313,0
DA:316,0
DA:320,0
DA:330,0
DA:341,0
DA:356,0
DA:357,0
DA:359,0
DA:360,0
DA:362,0
DA:363,0
DA:365,0
DA:366,0
DA:368,0
DA:369,0
DA:371,0
DA:372,0
DA:374,0
DA:375,0
DA:377,0
DA:378,0
DA:380,0
DA:381,0
DA:383,0
DA:384,0
DA:387,0
DA:388,0
DA:390,0
DA:393,0
DA:398,0
DA:399,0
DA:402,0
DA:412,0
DA:413,0
DA:416,0
DA:418,0
DA:424,0
DA:434,0
DA:439,0
DA:440,0
DA:442,0
DA:452,0
DA:453,0
DA:456,0
DA:457,0
DA:460,0
DA:461,0
DA:464,0
DA:465,0
DA:466,0
DA:468,0
DA:476,0
DA:481,0
DA:482,0
DA:484,0
DA:494,0
LF:133
LH:0
BRDA:24,0,0,0
BRDA:24,0,1,0
BRDA:31,1,0,0
BRDA:31,1,1,0
BRDA:47,2,0,0
BRDA:47,2,1,0
BRDA:55,3,0,0
BRDA:55,3,1,0
BRDA:55,4,0,0
BRDA:55,4,1,0
BRDA:59,5,0,0
BRDA:59,5,1,0
BRDA:60,6,0,0
BRDA:60,6,1,0
BRDA:68,7,0,0
BRDA:68,7,1,0
BRDA:69,8,0,0
BRDA:69,8,1,0
BRDA:70,9,0,0
BRDA:70,9,1,0
BRDA:72,10,0,0
BRDA:72,10,1,0
BRDA:100,11,0,0
BRDA:101,12,0,0
BRDA:102,13,0,0
BRDA:103,14,0,0
BRDA:108,15,0,0
BRDA:108,15,1,0
BRDA:112,16,0,0
BRDA:112,16,1,0
BRDA:116,17,0,0
BRDA:116,17,1,0
BRDA:120,18,0,0
BRDA:120,18,1,0
BRDA:120,19,0,0
BRDA:120,19,1,0
BRDA:122,20,0,0
BRDA:122,20,1,0
BRDA:125,21,0,0
BRDA:125,21,1,0
BRDA:157,22,0,0
BRDA:157,22,1,0
BRDA:176,23,0,0
BRDA:176,23,1,0
BRDA:199,24,0,0
BRDA:199,24,1,0
BRDA:219,25,0,0
BRDA:219,25,1,0
BRDA:225,26,0,0
BRDA:225,26,1,0
BRDA:226,27,0,0
BRDA:226,27,1,0
BRDA:229,28,0,0
BRDA:229,28,1,0
BRDA:231,29,0,0
BRDA:231,29,1,0
BRDA:231,30,0,0
BRDA:231,30,1,0
BRDA:234,31,0,0
BRDA:234,31,1,0
BRDA:242,32,0,0
BRDA:242,32,1,0
BRDA:243,33,0,0
BRDA:243,33,1,0
BRDA:270,34,0,0
BRDA:270,34,1,0
BRDA:291,35,0,0
BRDA:291,35,1,0
BRDA:312,36,0,0
BRDA:312,36,1,0
BRDA:357,37,0,0
BRDA:357,37,1,0
BRDA:357,37,2,0
BRDA:357,37,3,0
BRDA:357,37,4,0
BRDA:357,37,5,0
BRDA:357,37,6,0
BRDA:357,37,7,0
BRDA:357,37,8,0
BRDA:387,38,0,0
BRDA:387,38,1,0
BRDA:412,39,0,0
BRDA:412,39,1,0
BRDA:416,40,0,0
BRDA:416,40,1,0
BRDA:452,41,0,0
BRDA:452,41,1,0
BRDA:456,42,0,0
BRDA:456,42,1,0
BRDA:460,43,0,0
BRDA:460,43,1,0
BRDA:472,44,0,0
BRDA:472,44,1,0
BRDA:499,45,0,0
BRDA:499,45,1,0
BRDA:500,46,0,0
BRDA:500,46,1,0
BRDA:501,47,0,0
BRDA:501,47,1,0
BRDA:502,48,0,0
BRDA:502,48,1,0
BRDA:17,49,0,0
BRDA:17,49,1,0
BRDA:17,50,0,0
BRDA:17,50,1,0
BRF:105
BRH:0
end_of_record
TN:
SF:src/attendance/company-attendance.controller.ts
FN:32,(anonymous_4)
FN:38,(anonymous_5)
FN:48,(anonymous_6)
FN:57,(anonymous_7)
FN:63,(anonymous_8)
FN:79,(anonymous_9)
FN:85,(anonymous_10)
FN:95,(anonymous_11)
FN:103,(anonymous_12)
FN:109,(anonymous_13)
FN:117,(anonymous_14)
FN:127,(anonymous_15)
FNF:12
FNH:0
FNDA:0,(anonymous_4)
FNDA:0,(anonymous_5)
FNDA:0,(anonymous_6)
FNDA:0,(anonymous_7)
FNDA:0,(anonymous_8)
FNDA:0,(anonymous_9)
FNDA:0,(anonymous_10)
FNDA:0,(anonymous_11)
FNDA:0,(anonymous_12)
FNDA:0,(anonymous_13)
FNDA:0,(anonymous_14)
FNDA:0,(anonymous_15)
DA:1,0
DA:13,0
DA:14,0
DA:19,0
DA:20,0
DA:21,0
DA:31,0
DA:32,0
DA:38,0
DA:43,0
DA:48,0
DA:52,0
DA:57,0
DA:58,0
DA:63,0
DA:69,0
DA:79,0
DA:80,0
DA:85,0
DA:90,0
DA:95,0
DA:96,0
DA:103,0
DA:104,0
DA:109,0
DA:110,0
DA:117,0
DA:122,0
DA:127,0
DA:132,0
LF:30
LH:0
BRDA:41,0,0,0
BRDA:41,0,1,0
BRDA:41,1,0,0
BRDA:41,1,1,0
BRDA:50,2,0,0
BRDA:50,2,1,0
BRDA:50,3,0,0
BRDA:50,3,1,0
BRDA:88,4,0,0
BRDA:88,4,1,0
BRDA:88,5,0,0
BRDA:88,5,1,0
BRDA:32,6,0,0
BRDA:32,6,1,0
BRDA:32,7,0,0
BRDA:32,7,1,0
BRF:16
BRH:0
end_of_record
TN:
SF:src/attendance/index.ts
FNF:0
FNH:0
DA:1,0
DA:2,0
DA:3,0
DA:4,0
LF:4
LH:0
BRF:0
BRH:0
end_of_record
TN:
SF:src/attendance/dto/create-attendance.dto.ts
FNF:0
FNH:0
DA:1,0
DA:10,0
DA:12,0
DA:14,0
DA:18,0
DA:22,0
DA:26,0
DA:30,0
DA:34,0
DA:40,0
DA:45,0
DA:49,0
LF:12
LH:0
BRDA:18,0,0,0
BRDA:18,0,1,0
BRDA:18,1,0,0
BRDA:18,1,1,0
BRDA:22,2,0,0
BRDA:22,2,1,0
BRDA:22,3,0,0
BRDA:22,3,1,0
BRF:8
BRH:0
end_of_record
TN:
SF:src/attendance/dto/index.ts
FNF:0
FNH:0
DA:1,0
DA:2,0
DA:3,0
LF:3
LH:0
BRF:0
BRH:0
end_of_record
TN:
SF:src/attendance/dto/query-attendance.dto.ts
FN:35,(anonymous_2)
FN:41,(anonymous_3)
FNF:2
FNH:0
FNDA:0,(anonymous_2)
FNDA:0,(anonymous_3)
DA:1,0
DA:9,0
DA:10,0
DA:12,0
DA:15,0
DA:19,0
DA:23,0
DA:27,0
DA:31,0
DA:35,0
DA:37,0
DA:41,0
DA:43,0
DA:47,0
DA:51,0
LF:15
LH:0
BRDA:19,0,0,0
BRDA:19,0,1,0
BRDA:19,1,0,0
BRDA:19,1,1,0
BRDA:23,2,0,0
BRDA:23,2,1,0
BRDA:23,3,0,0
BRDA:23,3,1,0
BRF:8
BRH:0
end_of_record
TN:
SF:src/attendance/dto/update-attendance.dto.ts
FNF:0
FNH:0
DA:1,0
DA:10,0
DA:12,0
DA:15,0
DA:19,0
DA:23,0
DA:27,0
DA:33,0
DA:38,0
DA:42,0
LF:10
LH:0
BRDA:15,0,0,0
BRDA:15,0,1,0
BRDA:15,1,0,0
BRDA:15,1,1,0
BRDA:19,2,0,0
BRDA:19,2,1,0
BRDA:19,3,0,0
BRDA:19,3,1,0
BRF:8
BRH:0
end_of_record
TN:
SF:src/auth/auth.controller.ts
FN:20,(anonymous_4)
FN:24,(anonymous_5)
FN:45,(anonymous_6)
FN:59,(anonymous_7)
FN:69,(anonymous_8)
FNF:5
FNH:0
FNDA:0,(anonymous_4)
FNDA:0,(anonymous_5)
FNDA:0,(anonymous_6)
FNDA:0,(anonymous_7)
FNDA:0,(anonymous_8)
DA:1,0
DA:13,0
DA:14,0
DA:15,0
DA:16,0
DA:19,0
DA:20,0
DA:24,0
DA:29,0
DA:31,0
DA:37,0
DA:45,0
DA:46,0
DA:51,0
DA:59,0
DA:60,0
DA:69,0
DA:74,0
DA:76,0
DA:82,0
LF:20
LH:0
BRDA:25,0,0,0
BRDA:25,0,1,0
BRDA:25,1,0,0
BRDA:25,1,1,0
BRDA:20,2,0,0
BRDA:20,2,1,0
BRDA:20,3,0,0
BRDA:20,3,1,0
BRF:8
BRH:0
end_of_record
TN:
SF:src/auth/auth.module.ts
FN:14,(anonymous_1)
FNF:1
FNH:0
FNDA:0,(anonymous_1)
DA:1,0
DA:2,0
DA:3,0
DA:4,0
DA:5,0
DA:6,0
DA:7,0
DA:14,0
DA:27,0
LF:9
LH:0
BRF:0
BRH:0
end_of_record
TN:
SF:src/auth/auth.service.ts
FN:11,(anonymous_11)
FN:17,(anonymous_12)
FN:52,(anonymous_13)
FN:53,(anonymous_14)
FN:66,(anonymous_15)
FN:94,(anonymous_16)
FN:107,(anonymous_17)
FN:151,(anonymous_18)
FNF:8
FNH:8
FNDA:19,(anonymous_11)
FNDA:12,(anonymous_12)
FNDA:10,(anonymous_13)
FNDA:3,(anonymous_14)
FNDA:4,(anonymous_15)
FNDA:4,(anonymous_16)
FNDA:3,(anonymous_17)
FNDA:4,(anonymous_18)
DA:1,1
DA:2,1
DA:3,1
DA:4,1
DA:5,1
DA:10,1
DA:12,19
DA:13,19
DA:14,19
DA:18,12
DA:37,12
DA:38,2
DA:41,10
DA:42,1
DA:45,9
DA:46,9
DA:47,1
DA:52,10
DA:53,3
DA:55,8
DA:56,1
DA:59,7
DA:60,7
DA:67,4
DA:69,4
DA:77,4
DA:78,4
DA:81,4
DA:82,4
DA:84,4
DA:94,4
DA:108,3
DA:126,3
DA:127,1
DA:130,2
DA:131,1
DA:134,1
DA:141,1
DA:143,1
DA:152,4
DA:154,4
DA:156,4
DA:157,3
DA:170,1
LF:44
LH:44
BRDA:37,0,0,2
BRDA:37,0,1,10
BRDA:37,1,0,12
BRDA:37,1,1,11
BRDA:41,2,0,1
BRDA:41,2,1,9
BRDA:46,3,0,1
BRDA:46,3,1,8
BRDA:52,4,0,8
BRDA:52,4,1,2
BRDA:52,5,0,10
BRDA:52,5,1,7
BRDA:55,6,0,1
BRDA:55,6,1,7
BRDA:77,7,0,1
BRDA:77,7,1,3
BRDA:103,8,0,4
BRDA:103,8,1,3
BRDA:126,9,0,1
BRDA:126,9,1,2
BRDA:130,10,0,1
BRDA:130,10,1,1
BRDA:151,11,0,0
BRDA:154,12,0,1
BRDA:154,12,1,3
BRDA:156,13,0,3
BRDA:156,13,1,1
BRDA:12,14,0,1
BRDA:12,14,1,0
BRDA:12,15,0,1
BRDA:12,15,1,1
BRDA:12,16,0,1
BRDA:12,16,1,0
BRDA:12,17,0,1
BRDA:12,17,1,1
BRDA:13,18,0,1
BRDA:13,18,1,0
BRDA:13,19,0,1
BRDA:13,19,1,1
BRF:39
BRH:35
end_of_record
TN:
SF:src/auth/dto/login.dto.ts
FNF:0
FNH:0
DA:1,0
DA:9,0
DA:11,0
DA:15,0
DA:19,0
LF:5
LH:0
BRF:0
BRH:0
end_of_record
TN:
SF:src/auth/strategies/jwt.strategy.ts
FN:17,(anonymous_2)
FN:28,(anonymous_3)
FN:37,(anonymous_4)
FN:60,(anonymous_5)
FN:78,(anonymous_6)
FNF:5
FNH:0
FNDA:0,(anonymous_2)
FNDA:0,(anonymous_3)
FNDA:0,(anonymous_4)
FNDA:0,(anonymous_5)
FNDA:0,(anonymous_6)
DA:1,0
DA:2,0
DA:3,0
DA:4,0
DA:6,0
DA:16,0
DA:19,0
DA:21,0
DA:22,0
DA:23,0
DA:26,0
DA:29,0
DA:38,0
DA:54,0
DA:55,0
DA:59,0
DA:60,0
DA:63,0
DA:64,0
DA:67,0
DA:68,0
DA:71,0
DA:73,0
DA:78,0
LF:24
LH:0
BRDA:22,0,0,0
BRDA:22,0,1,0
BRDA:54,1,0,0
BRDA:54,1,1,0
BRDA:54,2,0,0
BRDA:54,2,1,0
BRDA:63,3,0,0
BRDA:63,3,1,0
BRDA:67,4,0,0
BRDA:67,4,1,0
BRDA:18,5,0,0
BRDA:18,5,1,0
BRDA:18,6,0,0
BRDA:18,6,1,0
BRDA:18,7,0,0
BRDA:18,7,1,0
BRDA:18,8,0,0
BRDA:18,8,1,0
BRF:18
BRH:0
end_of_record
TN:
SF:src/calls/calls.module.ts
FNF:0
FNH:0
DA:1,0
DA:2,0
DA:3,0
DA:4,0
DA:12,0
LF:5
LH:0
BRF:0
BRH:0
end_of_record
TN:
SF:src/calls/calls.service.ts
FN:8,(anonymous_2)
FN:74,(anonymous_3)
FN:101,(anonymous_4)
FN:189,(anonymous_5)
FN:202,(anonymous_6)
FN:249,(anonymous_7)
FN:254,(anonymous_8)
FN:278,(anonymous_9)
FN:282,(anonymous_10)
FN:286,(anonymous_11)
FN:356,(anonymous_12)
FN:363,(anonymous_13)
FN:372,(anonymous_14)
FNF:13
FNH:0
FNDA:0,(anonymous_2)
FNDA:0,(anonymous_3)
FNDA:0,(anonymous_4)
FNDA:0,(anonymous_5)
FNDA:0,(anonymous_6)
FNDA:0,(anonymous_7)
FNDA:0,(anonymous_8)
FNDA:0,(anonymous_9)
FNDA:0,(anonymous_10)
FNDA:0,(anonymous_11)
FNDA:0,(anonymous_12)
FNDA:0,(anonymous_13)
FNDA:0,(anonymous_14)
DA:1,0
DA:2,0
DA:4,0
DA:7,0
DA:8,0
DA:10,0
DA:75,0
DA:120,0
DA:122,0
DA:169,0
DA:180,0
DA:190,0
DA:195,0
DA:196,0
DA:199,0
DA:203,0
DA:205,0
DA:250,0
DA:251,0
DA:261,0
DA:263,0
DA:265,0
DA:279,0
DA:283,0
DA:287,0
DA:288,0
DA:290,0
DA:291,0
DA:293,0
DA:294,0
DA:304,0
DA:349,0
DA:356,0
DA:363,0
DA:373,0
LF:35
LH:0
BRDA:78,0,0,0
BRDA:78,0,1,0
BRDA:81,1,0,0
BRDA:81,1,1,0
BRDA:82,2,0,0
BRDA:82,2,1,0
BRDA:83,3,0,0
BRDA:83,3,1,0
BRDA:86,4,0,0
BRDA:86,4,1,0
BRDA:88,5,0,0
BRDA:88,5,1,0
BRDA:89,6,0,0
BRDA:89,6,1,0
BRDA:90,7,0,0
BRDA:90,7,1,0
BRDA:91,8,0,0
BRDA:91,8,1,0
BRDA:92,9,0,0
BRDA:92,9,1,0
BRDA:93,10,0,0
BRDA:93,10,1,0
BRDA:116,11,0,0
BRDA:117,12,0,0
BRDA:118,13,0,0
BRDA:119,14,0,0
BRDA:124,15,0,0
BRDA:124,15,1,0
BRDA:125,16,0,0
BRDA:125,16,1,0
BRDA:126,17,0,0
BRDA:126,17,1,0
BRDA:127,18,0,0
BRDA:127,18,1,0
BRDA:128,19,0,0
BRDA:128,19,1,0
BRDA:129,20,0,0
BRDA:129,20,1,0
BRDA:130,21,0,0
BRDA:130,21,1,0
BRDA:131,22,0,0
BRDA:131,22,1,0
BRDA:132,23,0,0
BRDA:132,23,1,0
BRDA:133,24,0,0
BRDA:133,24,1,0
BRDA:134,25,0,0
BRDA:134,25,1,0
BRDA:136,26,0,0
BRDA:136,26,1,0
BRDA:136,27,0,0
BRDA:136,27,1,0
BRDA:141,28,0,0
BRDA:141,28,1,0
BRDA:142,29,0,0
BRDA:142,29,1,0
BRDA:147,30,0,0
BRDA:147,30,1,0
BRDA:148,31,0,0
BRDA:148,31,1,0
BRDA:153,32,0,0
BRDA:153,32,1,0
BRDA:154,33,0,0
BRDA:154,33,1,0
BRDA:160,34,0,0
BRDA:160,34,1,0
BRDA:195,35,0,0
BRDA:195,35,1,0
BRDA:208,36,0,0
BRDA:208,36,1,0
BRDA:209,37,0,0
BRDA:209,37,1,0
BRDA:210,38,0,0
BRDA:210,38,1,0
BRDA:211,39,0,0
BRDA:211,39,1,0
BRDA:212,40,0,0
BRDA:212,40,1,0
BRDA:213,41,0,0
BRDA:213,41,1,0
BRDA:215,42,0,0
BRDA:215,42,1,0
BRDA:216,43,0,0
BRDA:216,43,1,0
BRDA:218,44,0,0
BRDA:218,44,1,0
BRDA:219,45,0,0
BRDA:219,45,1,0
BRDA:221,46,0,0
BRDA:221,46,1,0
BRDA:222,47,0,0
BRDA:222,47,1,0
BRDA:223,48,0,0
BRDA:223,48,1,0
BRDA:224,49,0,0
BRDA:224,49,1,0
BRDA:226,50,0,0
BRDA:226,50,1,0
BRDA:229,51,0,0
BRDA:229,51,1,0
BRDA:230,52,0,0
BRDA:230,52,1,0
BRDA:232,53,0,0
BRDA:232,53,1,0
BRDA:233,54,0,0
BRDA:233,54,1,0
BRDA:235,55,0,0
BRDA:235,55,1,0
BRDA:235,56,0,0
BRDA:235,56,1,0
BRDA:236,57,0,0
BRDA:236,57,1,0
BRDA:236,58,0,0
BRDA:236,58,1,0
BRDA:237,59,0,0
BRDA:237,59,1,0
BRDA:238,60,0,0
BRDA:238,60,1,0
BRDA:240,61,0,0
BRDA:240,61,1,0
BRDA:241,62,0,0
BRDA:241,62,1,0
BRDA:243,63,0,0
BRDA:243,63,1,0
BRDA:269,64,0,0
BRDA:269,64,1,0
BRDA:270,65,0,0
BRDA:270,65,1,0
BRDA:272,66,0,0
BRDA:272,66,1,0
BRDA:365,67,0,0
BRDA:365,67,1,0
BRDA:372,68,0,0
BRDA:379,69,0,0
BRDA:379,69,1,0
BRDA:8,70,0,0
BRDA:8,70,1,0
BRDA:8,71,0,0
BRDA:8,71,1,0
BRF:139
BRH:0
end_of_record
TN:
SF:src/calls/company-calls.controller.ts
FN:29,(anonymous_4)
FN:33,(anonymous_5)
FN:43,(anonymous_6)
FN:52,(anonymous_7)
FN:58,(anonymous_8)
FN:64,(anonymous_9)
FN:70,(anonymous_10)
FN:86,(anonymous_11)
FN:92,(anonymous_12)
FN:102,(anonymous_13)
FN:118,(anonymous_14)
FNF:11
FNH:0
FNDA:0,(anonymous_4)
FNDA:0,(anonymous_5)
FNDA:0,(anonymous_6)
FNDA:0,(anonymous_7)
FNDA:0,(anonymous_8)
FNDA:0,(anonymous_9)
FNDA:0,(anonymous_10)
FNDA:0,(anonymous_11)
FNDA:0,(anonymous_12)
FNDA:0,(anonymous_13)
FNDA:0,(anonymous_14)
DA:1,0
DA:13,0
DA:14,0
DA:15,0
DA:16,0
DA:17,0
DA:28,0
DA:29,0
DA:33,0
DA:38,0
DA:43,0
DA:47,0
DA:52,0
DA:53,0
DA:58,0
DA:59,0
DA:64,0
DA:65,0
DA:70,0
DA:76,0
DA:77,0
DA:86,0
DA:87,0
DA:92,0
DA:97,0
DA:102,0
DA:107,0
DA:118,0
DA:119,0
LF:29
LH:0
BRDA:76,0,0,0
BRDA:76,0,1,0
BRDA:80,1,0,0
BRDA:80,1,1,0
BRDA:36,2,0,0
BRDA:36,2,1,0
BRDA:36,3,0,0
BRDA:36,3,1,0
BRDA:45,4,0,0
BRDA:45,4,1,0
BRDA:45,5,0,0
BRDA:45,5,1,0
BRDA:95,6,0,0
BRDA:95,6,1,0
BRDA:95,7,0,0
BRDA:95,7,1,0
BRDA:29,8,0,0
BRDA:29,8,1,0
BRDA:29,9,0,0
BRDA:29,9,1,0
BRF:20
BRH:0
end_of_record
TN:
SF:src/calls/dto/create-call.dto.ts
FNF:0
FNH:0
DA:1,0
DA:9,0
DA:11,0
DA:13,0
DA:17,0
DA:21,0
DA:25,0
DA:29,0
DA:33,0
DA:37,0
DA:42,0
DA:46,0
DA:50,0
DA:54,0
DA:58,0
DA:62,0
DA:66,0
DA:70,0
DA:74,0
DA:78,0
LF:20
LH:0
BRDA:17,0,0,0
BRDA:17,0,1,0
BRDA:17,1,0,0
BRDA:17,1,1,0
BRDA:21,2,0,0
BRDA:21,2,1,0
BRDA:21,3,0,0
BRDA:21,3,1,0
BRF:8
BRH:0
end_of_record
TN:
SF:src/calls/dto/index.ts
FNF:0
FNH:0
DA:1,0
DA:2,0
DA:3,0
LF:3
LH:0
BRF:0
BRH:0
end_of_record
TN:
SF:src/calls/dto/query-calls.dto.ts
FN:57,(anonymous_2)
FN:62,(anonymous_3)
FN:67,(anonymous_4)
FN:72,(anonymous_5)
FNF:4
FNH:0
FNDA:0,(anonymous_2)
FNDA:0,(anonymous_3)
FNDA:0,(anonymous_4)
FNDA:0,(anonymous_5)
DA:1,0
DA:8,0
DA:9,0
DA:11,0
DA:14,0
DA:18,0
DA:22,0
DA:26,0
DA:30,0
DA:34,0
DA:38,0
DA:42,0
DA:46,0
DA:50,0
DA:54,0
DA:57,0
DA:59,0
DA:62,0
DA:64,0
DA:67,0
DA:69,0
DA:72,0
DA:74,0
DA:78,0
DA:82,0
LF:25
LH:0
BRDA:18,0,0,0
BRDA:18,0,1,0
BRDA:18,1,0,0
BRDA:18,1,1,0
BRDA:22,2,0,0
BRDA:22,2,1,0
BRDA:22,3,0,0
BRDA:22,3,1,0
BRF:8
BRH:0
end_of_record
TN:
SF:src/calls/dto/update-call.dto.ts
FNF:0
FNH:0
DA:1,0
DA:2,0
DA:3,0
DA:5,0
DA:8,0
LF:5
LH:0
BRF:0
BRH:0
end_of_record
TN:
SF:src/chat/chat.controller.ts
FN:22,(anonymous_4)
FN:29,(anonymous_5)
FN:35,(anonymous_6)
FN:49,(anonymous_7)
FN:59,(anonymous_8)
FN:77,(anonymous_9)
FN:108,(anonymous_10)
FN:118,(anonymous_11)
FN:127,(anonymous_12)
FN:133,(anonymous_13)
FNF:10
FNH:0
FNDA:0,(anonymous_4)
FNDA:0,(anonymous_5)
FNDA:0,(anonymous_6)
FNDA:0,(anonymous_7)
FNDA:0,(anonymous_8)
FNDA:0,(anonymous_9)
FNDA:0,(anonymous_10)
FNDA:0,(anonymous_11)
FNDA:0,(anonymous_12)
FNDA:0,(anonymous_13)
DA:1,0
DA:13,0
DA:14,0
DA:15,0
DA:16,0
DA:17,0
DA:21,0
DA:23,0
DA:24,0
DA:29,0
DA:30,0
DA:35,0
DA:40,0
DA:49,0
DA:54,0
DA:59,0
DA:66,0
DA:77,0
DA:83,0
DA:91,0
DA:94,0
DA:95,0
DA:96,0
DA:97,0
DA:103,0
DA:108,0
DA:113,0
DA:118,0
DA:122,0
DA:127,0
DA:128,0
DA:133,0
DA:134,0
DA:135,0
LF:34
LH:0
BRDA:62,0,0,0
BRDA:63,1,0,0
BRDA:51,2,0,0
BRDA:51,2,1,0
BRDA:51,3,0,0
BRDA:51,3,1,0
BRDA:80,4,0,0
BRDA:80,4,1,0
BRDA:80,5,0,0
BRDA:80,5,1,0
BRDA:110,6,0,0
BRDA:110,6,1,0
BRDA:110,7,0,0
BRDA:110,7,1,0
BRDA:23,8,0,0
BRDA:23,8,1,0
BRDA:23,9,0,0
BRDA:23,9,1,0
BRDA:23,10,0,0
BRDA:23,10,1,0
BRDA:23,11,0,0
BRDA:23,11,1,0
BRF:22
BRH:0
end_of_record
TN:
SF:src/chat/chat.gateway.ts
FN:64,(anonymous_4)
FN:69,(anonymous_5)
FN:74,(anonymous_6)
FN:79,(anonymous_7)
FN:83,(anonymous_8)
FN:84,(anonymous_9)
FN:87,(anonymous_10)
FN:109,(anonymous_11)
FN:178,(anonymous_12)
FN:201,(anonymous_13)
FN:228,(anonymous_14)
FN:242,(anonymous_15)
FN:302,(anonymous_16)
FN:316,(anonymous_17)
FN:329,(anonymous_18)
FN:23,(anonymous_19)
FNF:16
FNH:0
FNDA:0,(anonymous_4)
FNDA:0,(anonymous_5)
FNDA:0,(anonymous_6)
FNDA:0,(anonymous_7)
FNDA:0,(anonymous_8)
FNDA:0,(anonymous_9)
FNDA:0,(anonymous_10)
FNDA:0,(anonymous_11)
FNDA:0,(anonymous_12)
FNDA:0,(anonymous_13)
FNDA:0,(anonymous_14)
FNDA:0,(anonymous_15)
FNDA:0,(anonymous_16)
FNDA:0,(anonymous_17)
FNDA:0,(anonymous_18)
FNDA:0,(anonymous_19)
DA:1,0
DA:11,0
DA:12,0
DA:13,0
DA:14,0
DA:27,0
DA:34,0
DA:35,0
DA:40,0
DA:44,0
DA:45,0
DA:47,0
DA:54,0
DA:58,0
DA:60,0
DA:62,0
DA:65,0
DA:66,0
DA:70,0
DA:75,0
DA:80,0
DA:81,0
DA:82,0
DA:83,0
DA:84,0
DA:88,0
DA:89,0
DA:92,0
DA:93,0
DA:95,0
DA:98,0
DA:102,0
DA:107,0
DA:108,0
DA:110,0
DA:111,0
DA:112,0
DA:113,0
DA:114,0
DA:115,0
DA:117,0
DA:121,0
DA:122,0
DA:127,0
DA:128,0
DA:129,0
DA:130,0
DA:134,0
DA:135,0
DA:136,0
DA:138,0
DA:139,0
DA:140,0
DA:141,0
DA:145,0
DA:149,0
DA:152,0
DA:153,0
DA:154,0
DA:156,0
DA:157,0
DA:158,0
DA:159,0
DA:162,0
DA:163,0
DA:169,0
DA:173,0
DA:174,0
DA:179,0
DA:181,0
DA:182,0
DA:183,0
DA:184,0
DA:185,0
DA:188,0
DA:189,0
DA:195,0
DA:201,0
DA:205,0
DA:208,0
DA:209,0
DA:211,0
DA:214,0
DA:217,0
DA:218,0
DA:221,0
DA:223,0
DA:228,0
DA:232,0
DA:234,0
DA:235,0
DA:237,0
DA:242,0
DA:246,0
DA:247,0
DA:248,0
DA:252,0
DA:253,0
DA:255,0
DA:256,0
DA:257,0
DA:259,0
DA:260,0
DA:263,0
DA:267,0
DA:268,0
DA:275,0
DA:278,0
DA:283,0
DA:284,0
DA:285,0
DA:286,0
DA:290,0
DA:293,0
DA:295,0
DA:296,0
DA:302,0
DA:306,0
DA:308,0
DA:316,0
DA:320,0
DA:322,0
DA:324,0
DA:329,0
DA:330,0
DA:332,0
LF:126
LH:0
BRDA:75,0,0,0
BRDA:75,0,1,0
BRDA:81,1,0,0
BRDA:81,1,1,0
BRDA:98,2,0,0
BRDA:98,2,1,0
BRDA:98,2,2,0
BRDA:103,3,0,0
BRDA:103,3,1,0
BRDA:107,4,0,0
BRDA:107,4,1,0
BRDA:107,5,0,0
BRDA:107,5,1,0
BRDA:112,6,0,0
BRDA:112,6,1,0
BRDA:123,7,0,0
BRDA:123,7,1,0
BRDA:127,8,0,0
BRDA:127,8,1,0
BRDA:138,9,0,0
BRDA:138,9,1,0
BRDA:152,10,0,0
BRDA:152,10,1,0
BRDA:153,11,0,0
BRDA:153,11,1,0
BRDA:157,12,0,0
BRDA:157,12,1,0
BRDA:162,13,0,0
BRDA:162,13,1,0
BRDA:179,14,0,0
BRDA:179,14,1,0
BRDA:179,15,0,0
BRDA:179,15,1,0
BRDA:182,16,0,0
BRDA:182,16,1,0
BRDA:183,17,0,0
BRDA:183,17,1,0
BRDA:188,18,0,0
BRDA:188,18,1,0
BRDA:205,19,0,0
BRDA:205,19,1,0
BRDA:232,20,0,0
BRDA:232,20,1,0
BRDA:246,21,0,0
BRDA:246,21,1,0
BRDA:246,22,0,0
BRDA:246,22,1,0
BRDA:252,23,0,0
BRDA:252,23,1,0
BRDA:252,24,0,0
BRDA:252,24,1,0
BRDA:256,25,0,0
BRDA:256,25,1,0
BRDA:259,26,0,0
BRDA:259,26,1,0
BRDA:306,27,0,0
BRDA:306,27,1,0
BRDA:320,28,0,0
BRDA:320,28,1,0
BRDA:330,29,0,0
BRDA:330,29,1,0
BRDA:58,30,0,0
BRDA:58,30,1,0
BRDA:58,31,0,0
BRDA:58,31,1,0
BRDA:34,32,0,0
BRDA:34,32,1,0
BRDA:44,33,0,0
BRDA:44,33,1,0
BRDA:44,34,0,0
BRDA:44,34,1,0
BRDA:65,35,0,0
BRDA:65,35,1,0
BRDA:65,36,0,0
BRDA:65,36,1,0
BRDA:65,37,0,0
BRDA:65,37,1,0
BRDA:65,38,0,0
BRDA:65,38,1,0
BRF:79
BRH:0
end_of_record
TN:
SF:src/chat/chat.module.ts
FN:14,(anonymous_1)
FNF:1
FNH:0
FNDA:0,(anonymous_1)
DA:1,0
DA:2,0
DA:3,0
DA:4,0
DA:5,0
DA:6,0
DA:7,0
DA:14,0
DA:24,0
LF:9
LH:0
BRF:0
BRH:0
end_of_record
TN:
SF:src/chat/chat.service.ts
FN:19,(anonymous_2)
FN:22,(anonymous_3)
FN:66,(anonymous_4)
FN:67,(anonymous_5)
FN:95,(anonymous_6)
FN:166,(anonymous_7)
FN:185,(anonymous_8)
FN:209,(anonymous_9)
FN:278,(anonymous_10)
FN:320,(anonymous_11)
FN:333,(anonymous_12)
FN:370,(anonymous_13)
FN:390,(anonymous_14)
FN:406,(anonymous_15)
FN:406,(anonymous_16)
FN:410,(anonymous_17)
FN:426,(anonymous_18)
FN:444,(anonymous_19)
FN:449,(anonymous_20)
FN:453,(anonymous_21)
FN:463,(anonymous_22)
FNF:21
FNH:0
FNDA:0,(anonymous_2)
FNDA:0,(anonymous_3)
FNDA:0,(anonymous_4)
FNDA:0,(anonymous_5)
FNDA:0,(anonymous_6)
FNDA:0,(anonymous_7)
FNDA:0,(anonymous_8)
FNDA:0,(anonymous_9)
FNDA:0,(anonymous_10)
FNDA:0,(anonymous_11)
FNDA:0,(anonymous_12)
FNDA:0,(anonymous_13)
FNDA:0,(anonymous_14)
FNDA:0,(anonymous_15)
FNDA:0,(anonymous_16)
FNDA:0,(anonymous_17)
FNDA:0,(anonymous_18)
FNDA:0,(anonymous_19)
FNDA:0,(anonymous_20)
FNDA:0,(anonymous_21)
FNDA:0,(anonymous_22)
DA:1,0
DA:8,0
DA:9,0
DA:13,0
DA:16,0
DA:17,0
DA:19,0
DA:24,0
DA:26,0
DA:65,0
DA:67,0
DA:68,0
DA:85,0
DA:101,0
DA:102,0
DA:104,0
DA:105,0
DA:109,0
DA:134,0
DA:135,0
DA:139,0
DA:168,0
DA:171,0
DA:172,0
DA:176,0
DA:178,0
DA:185,0
DA:217,0
DA:218,0
DA:219,0
DA:220,0
DA:223,0
DA:224,0
DA:262,0
DA:263,0
DA:266,0
DA:285,0
DA:288,0
DA:289,0
DA:291,0
DA:316,0
DA:321,0
DA:334,0
DA:338,0
DA:339,0
DA:342,0
DA:343,0
DA:346,0
DA:347,0
DA:350,0
DA:371,0
DA:375,0
DA:376,0
DA:379,0
DA:380,0
DA:383,0
DA:391,0
DA:406,0
DA:411,0
DA:420,0
DA:421,0
DA:427,0
DA:436,0
DA:437,0
DA:440,0
DA:445,0
DA:449,0
DA:454,0
DA:458,0
DA:463,0
DA:464,0
DA:466,0
DA:467,0
DA:475,0
DA:477,0
LF:75
LH:0
BRDA:68,0,0,0
BRDA:68,0,1,0
BRDA:88,1,0,0
BRDA:88,1,1,0
BRDA:104,2,0,0
BRDA:104,2,1,0
BRDA:134,3,0,0
BRDA:134,3,1,0
BRDA:213,4,0,0
BRDA:214,5,0,0
BRDA:219,6,0,0
BRDA:219,6,1,0
BRDA:262,7,0,0
BRDA:262,7,1,0
BRDA:338,8,0,0
BRDA:338,8,1,0
BRDA:342,9,0,0
BRDA:342,9,1,0
BRDA:346,10,0,0
BRDA:346,10,1,0
BRDA:375,11,0,0
BRDA:375,11,1,0
BRDA:379,12,0,0
BRDA:379,12,1,0
BRDA:420,13,0,0
BRDA:420,13,1,0
BRDA:436,14,0,0
BRDA:436,14,1,0
BRDA:458,15,0,0
BRDA:458,15,1,0
BRDA:19,16,0,0
BRDA:19,16,1,0
BRDA:19,17,0,0
BRDA:19,17,1,0
BRF:34
BRH:0
end_of_record
TN:
SF:src/chat/dto/create-room.dto.ts
FN:9,(anonymous_2)
FNF:1
FNH:0
FNDA:0,(anonymous_2)
DA:1,0
DA:9,0
DA:10,0
DA:11,0
DA:14,0
DA:17,0
DA:20,0
DA:25,0
LF:8
LH:0
BRDA:9,0,0,0
BRDA:9,0,1,0
BRF:2
BRH:0
end_of_record
TN:
SF:src/chat/dto/index.ts
FNF:0
FNH:0
DA:1,0
DA:2,0
LF:2
LH:0
BRF:0
BRH:0
end_of_record
TN:
SF:src/chat/dto/send-message.dto.ts
FNF:0
FNH:0
DA:1,0
DA:3,0
DA:8,0
LF:3
LH:0
BRF:0
BRH:0
end_of_record
TN:
SF:src/common/config/permissions.config.ts
FN:770,createEmptyPermissions
FN:806,createFullPermissions
FN:831,(anonymous_2)
FN:843,stripAdminModuleFromPermissions
FNF:4
FNH:0
FNDA:0,createEmptyPermissions
FNDA:0,createFullPermissions
FNDA:0,(anonymous_2)
FNDA:0,stripAdminModuleFromPermissions
DA:56,0
DA:770,0
DA:771,0
DA:773,0
DA:774,0
DA:779,0
DA:780,0
DA:790,0
DA:791,0
DA:792,0
DA:793,0
DA:802,0
DA:806,0
DA:807,0
DA:809,0
DA:810,0
DA:815,0
DA:816,0
DA:826,0
DA:827,0
DA:828,0
DA:829,0
DA:831,0
DA:838,0
DA:843,0
DA:846,0
DA:847,0
DA:850,0
DA:855,0
DA:857,0
LF:30
LH:0
BRDA:790,0,0,0
BRDA:790,0,1,0
BRDA:826,1,0,0
BRDA:826,1,1,0
BRDA:846,2,0,0
BRDA:846,2,1,0
BRDA:846,3,0,0
BRDA:846,3,1,0
BRF:8
BRH:0
end_of_record
TN:
SF:src/common/constants/error-messages.ts
FN:15,(anonymous_0)
FN:31,(anonymous_1)
FN:33,(anonymous_2)
FN:67,(anonymous_3)
FN:100,(anonymous_4)
FN:102,(anonymous_5)
FN:227,getPrismaErrorMessage
FNF:7
FNH:0
FNDA:0,(anonymous_0)
FNDA:0,(anonymous_1)
FNDA:0,(anonymous_2)
FNDA:0,(anonymous_3)
FNDA:0,(anonymous_4)
FNDA:0,(anonymous_5)
FNDA:0,getPrismaErrorMessage
DA:6,3
DA:15,0
DA:31,0
DA:33,0
DA:67,0
DA:100,0
DA:102,0
DA:227,3
DA:229,0
DA:230,0
DA:231,0
DA:232,0
DA:240,0
DA:241,0
DA:243,0
DA:247,0
DA:248,0
DA:252,0
DA:253,0
DA:257,0
DA:258,0
DA:262,0
DA:263,0
DA:264,0
DA:268,0
DA:269,0
DA:270,0
DA:274,0
DA:275,0
DA:276,0
DA:280,0
DA:281,0
DA:282,0
DA:286,0
DA:287,0
DA:288,0
DA:292,0
LF:37
LH:2
BRDA:229,0,0,0
BRDA:229,0,1,0
BRDA:231,1,0,0
BRDA:231,1,1,0
BRDA:240,2,0,0
BRDA:240,2,1,0
BRDA:247,3,0,0
BRDA:247,3,1,0
BRDA:252,4,0,0
BRDA:252,4,1,0
BRDA:257,5,0,0
BRDA:257,5,1,0
BRDA:262,6,0,0
BRDA:262,6,1,0
BRDA:263,7,0,0
BRDA:263,7,1,0
BRDA:268,8,0,0
BRDA:268,8,1,0
BRDA:269,9,0,0
BRDA:269,9,1,0
BRDA:274,10,0,0
BRDA:274,10,1,0
BRDA:275,11,0,0
BRDA:275,11,1,0
BRDA:280,12,0,0
BRDA:280,12,1,0
BRDA:281,13,0,0
BRDA:281,13,1,0
BRDA:286,14,0,0
BRDA:286,14,1,0
BRDA:287,15,0,0
BRDA:287,15,1,0
BRF:32
BRH:0
end_of_record
TN:
SF:src/common/decorators/current-user.decorator.ts
FN:4,(anonymous_0)
FNF:1
FNH:0
FNDA:0,(anonymous_0)
DA:1,0
DA:3,0
DA:5,0
DA:6,0
LF:4
LH:0
BRF:0
BRH:0
end_of_record
TN:
SF:src/common/filters/http-exception.filter.ts
FN:17,(anonymous_1)
FNF:1
FNH:0
FNDA:0,(anonymous_1)
DA:1,0
DA:10,0
DA:11,0
DA:14,0
DA:15,0
DA:18,0
DA:19,0
DA:20,0
DA:22,0
DA:23,0
DA:26,0
DA:27,0
DA:30,0
DA:32,0
DA:33,0
DA:35,0
DA:36,0
DA:38,0
DA:39,0
DA:41,0
DA:42,0
DA:44,0
DA:46,0
DA:50,0
DA:51,0
DA:53,0
DA:54,0
DA:55,0
DA:56,0
DA:57,0
DA:58,0
DA:59,0
DA:60,0
DA:64,0
DA:66,0
DA:67,0
DA:68,0
DA:70,0
DA:75,0
DA:76,0
DA:78,0
DA:79,0
DA:83,0
DA:84,0
DA:86,0
DA:87,0
DA:91,0
LF:47
LH:0
BRDA:26,0,0,0
BRDA:26,0,1,0
BRDA:30,1,0,0
BRDA:30,1,1,0
BRDA:30,1,2,0
BRDA:30,1,3,0
BRDA:30,1,4,0
BRDA:50,2,0,0
BRDA:50,2,1,0
BRDA:55,3,0,0
BRDA:55,3,1,0
BRDA:57,4,0,0
BRDA:57,4,1,0
BRDA:61,5,0,0
BRDA:61,5,1,0
BRDA:63,6,0,0
BRDA:63,6,1,0
BRDA:64,7,0,0
BRDA:64,7,1,0
BRDA:66,8,0,0
BRDA:66,8,1,0
BRDA:75,9,0,0
BRDA:75,9,1,0
BRDA:78,10,0,0
BRDA:78,10,1,0
BRDA:81,11,0,0
BRDA:81,11,1,0
BRDA:83,12,0,0
BRDA:83,12,1,0
BRDA:86,13,0,0
BRDA:86,13,1,0
BRF:31
BRH:0
end_of_record
TN:
SF:src/common/guards/company-access.guard.ts
FN:11,(anonymous_1)
FN:26,(anonymous_2)
FNF:2
FNH:0
FNDA:0,(anonymous_1)
FNDA:0,(anonymous_2)
DA:1,0
DA:10,0
DA:12,0
DA:13,0
DA:14,0
DA:16,0
DA:17,0
DA:20,0
DA:21,0
DA:25,0
DA:26,0
DA:29,0
DA:30,0
DA:36,0
DA:38,0
LF:15
LH:0
BRDA:16,0,0,0
BRDA:16,0,1,0
BRDA:20,1,0,0
BRDA:20,1,1,0
BRDA:29,2,0,0
BRDA:29,2,1,0
BRF:6
BRH:0
end_of_record
TN:
SF:src/common/guards/index.ts
FNF:0
FNH:0
DA:1,0
DA:2,0
DA:3,0
DA:4,0
LF:4
LH:0
BRF:0
BRH:0
end_of_record
TN:
SF:src/common/guards/jwt-auth.guard.ts
FN:6,(anonymous_1)
FNF:1
FNH:0
FNDA:0,(anonymous_1)
DA:1,0
DA:2,0
DA:5,0
DA:7,0
LF:4
LH:0
BRF:0
BRH:0
end_of_record
TN:
SF:src/common/guards/permissions.guard.ts
FN:24,(anonymous_2)
FN:28,(anonymous_3)
FN:31,(anonymous_4)
FN:34,(anonymous_5)
FN:37,(anonymous_6)
FN:42,(anonymous_7)
FN:47,(anonymous_8)
FN:69,(anonymous_9)
FN:110,(anonymous_10)
FN:133,checkPermission
FN:157,getVisibleColumns
FNF:11
FNH:0
FNDA:0,(anonymous_2)
FNDA:0,(anonymous_3)
FNDA:0,(anonymous_4)
FNDA:0,(anonymous_5)
FNDA:0,(anonymous_6)
FNDA:0,(anonymous_7)
FNDA:0,(anonymous_8)
FNDA:0,(anonymous_9)
FNDA:0,(anonymous_10)
FNDA:0,checkPermission
FNDA:0,getVisibleColumns
DA:1,0
DA:8,0
DA:9,0
DA:11,0
DA:14,0
DA:24,0
DA:25,0
DA:28,0
DA:29,0
DA:31,0
DA:32,0
DA:34,0
DA:35,0
DA:37,0
DA:38,0
DA:41,0
DA:43,0
DA:44,0
DA:49,0
DA:54,0
DA:55,0
DA:58,0
DA:59,0
DA:60,0
DA:62,0
DA:63,0
DA:68,0
DA:70,0
DA:72,0
DA:73,0
DA:77,0
DA:89,0
DA:90,0
DA:93,0
DA:97,0
DA:98,0
DA:99,0
DA:107,0
DA:114,0
DA:115,0
DA:118,0
DA:119,0
DA:120,0
DA:123,0
DA:124,0
DA:125,0
DA:128,0
DA:133,0
DA:139,0
DA:140,0
DA:143,0
DA:144,0
DA:145,0
DA:148,0
DA:149,0
DA:150,0
DA:153,0
DA:157,0
DA:163,0
DA:164,0
DA:167,0
DA:168,0
DA:169,0
DA:172,0
DA:173,0
DA:174,0
DA:177,0
DA:178,0
DA:179,0
DA:182,0
LF:70
LH:0
BRDA:54,0,0,0
BRDA:54,0,1,0
BRDA:54,1,0,0
BRDA:54,1,1,0
BRDA:60,2,0,0
BRDA:60,2,1,0
BRDA:62,3,0,0
BRDA:62,3,1,0
BRDA:70,4,0,0
BRDA:70,4,1,0
BRDA:72,5,0,0
BRDA:72,5,1,0
BRDA:89,6,0,0
BRDA:89,6,1,0
BRDA:89,7,0,0
BRDA:89,7,1,0
BRDA:98,8,0,0
BRDA:98,8,1,0
BRDA:114,9,0,0
BRDA:114,9,1,0
BRDA:119,10,0,0
BRDA:119,10,1,0
BRDA:124,11,0,0
BRDA:124,11,1,0
BRDA:128,12,0,0
BRDA:128,12,1,0
BRDA:43,13,0,0
BRDA:43,13,1,0
BRDA:43,14,0,0
BRDA:43,14,1,0
BRDA:43,15,0,0
BRDA:43,15,1,0
BRDA:43,16,0,0
BRDA:43,16,1,0
BRDA:139,17,0,0
BRDA:139,17,1,0
BRDA:144,18,0,0
BRDA:144,18,1,0
BRDA:149,19,0,0
BRDA:149,19,1,0
BRDA:153,20,0,0
BRDA:153,20,1,0
BRDA:163,21,0,0
BRDA:163,21,1,0
BRDA:168,22,0,0
BRDA:168,22,1,0
BRDA:173,23,0,0
BRDA:173,23,1,0
BRDA:178,24,0,0
BRDA:178,24,1,0
BRDA:182,25,0,0
BRDA:182,25,1,0
BRF:52
BRH:0
end_of_record
TN:
SF:src/common/guards/super-admin.guard.ts
FN:10,(anonymous_1)
FNF:1
FNH:0
FNDA:0,(anonymous_1)
DA:1,0
DA:9,0
DA:11,0
DA:12,0
DA:14,0
DA:15,0
DA:19,0
DA:20,0
DA:25,0
LF:9
LH:0
BRDA:14,0,0,0
BRDA:14,0,1,0
BRDA:19,1,0,0
BRDA:19,1,1,0
BRF:4
BRH:0
end_of_record
TN:
SF:src/company-plans/company-plans.controller.ts
FN:33,(anonymous_4)
FN:39,(anonymous_5)
FN:53,(anonymous_6)
FN:66,(anonymous_7)
FN:79,(anonymous_8)
FN:93,(anonymous_9)
FN:108,(anonymous_10)
FN:121,(anonymous_11)
FN:135,(anonymous_12)
FNF:9
FNH:0
FNDA:0,(anonymous_4)
FNDA:0,(anonymous_5)
FNDA:0,(anonymous_6)
FNDA:0,(anonymous_7)
FNDA:0,(anonymous_8)
FNDA:0,(anonymous_9)
FNDA:0,(anonymous_10)
FNDA:0,(anonymous_11)
FNDA:0,(anonymous_12)
DA:1,0
DA:13,0
DA:14,0
DA:19,0
DA:20,0
DA:21,0
DA:22,0
DA:28,0
DA:32,0
DA:33,0
DA:39,0
DA:44,0
DA:45,0
DA:53,0
DA:57,0
DA:58,0
DA:66,0
DA:70,0
DA:71,0
DA:79,0
DA:84,0
DA:85,0
DA:93,0
DA:97,0
DA:98,0
DA:108,0
DA:112,0
DA:113,0
DA:121,0
DA:126,0
DA:127,0
DA:135,0
DA:140,0
DA:141,0
DA:142,0
LF:35
LH:0
BRDA:42,0,0,0
BRDA:42,0,1,0
BRDA:42,1,0,0
BRDA:42,1,1,0
BRDA:55,2,0,0
BRDA:55,2,1,0
BRDA:55,3,0,0
BRDA:55,3,1,0
BRDA:82,4,0,0
BRDA:82,4,1,0
BRDA:82,5,0,0
BRDA:82,5,1,0
BRDA:124,6,0,0
BRDA:124,6,1,0
BRDA:124,7,0,0
BRDA:124,7,1,0
BRDA:33,8,0,0
BRDA:33,8,1,0
BRDA:33,9,0,0
BRDA:33,9,1,0
BRF:20
BRH:0
end_of_record
TN:
SF:src/company-plans/company-plans.module.ts
FNF:0
FNH:0
DA:1,0
DA:2,0
DA:3,0
DA:4,0
DA:12,0
LF:5
LH:0
BRF:0
BRH:0
end_of_record
TN:
SF:src/company-plans/company-plans.service.ts
FN:17,(anonymous_2)
FN:63,(anonymous_3)
FN:83,(anonymous_4)
FN:128,(anonymous_5)
FN:192,(anonymous_6)
FN:214,(anonymous_7)
FN:234,(anonymous_8)
FN:286,(anonymous_9)
FN:310,(anonymous_10)
FN:331,(anonymous_11)
FN:351,(anonymous_12)
FN:392,(anonymous_13)
FN:412,(anonymous_14)
FN:467,(anonymous_15)
FNF:14
FNH:0
FNDA:0,(anonymous_2)
FNDA:0,(anonymous_3)
FNDA:0,(anonymous_4)
FNDA:0,(anonymous_5)
FNDA:0,(anonymous_6)
FNDA:0,(anonymous_7)
FNDA:0,(anonymous_8)
FNDA:0,(anonymous_9)
FNDA:0,(anonymous_10)
FNDA:0,(anonymous_11)
FNDA:0,(anonymous_12)
FNDA:0,(anonymous_13)
FNDA:0,(anonymous_14)
FNDA:0,(anonymous_15)
DA:1,0
DA:7,0
DA:16,0
DA:17,0
DA:19,0
DA:65,0
DA:69,0
DA:70,0
DA:74,0
DA:78,0
DA:79,0
DA:83,0
DA:84,0
DA:85,0
DA:97,0
DA:98,0
DA:104,0
DA:130,0
DA:134,0
DA:135,0
DA:148,0
DA:150,0
DA:164,0
DA:181,0
DA:194,0
DA:198,0
DA:199,0
DA:202,0
DA:207,0
DA:208,0
DA:211,0
DA:216,0
DA:220,0
DA:221,0
DA:224,0
DA:227,0
DA:228,0
DA:230,0
DA:234,0
DA:235,0
DA:236,0
DA:237,0
DA:238,0
DA:249,0
DA:257,0
DA:258,0
DA:259,0
DA:260,0
DA:261,0
DA:262,0
DA:265,0
DA:288,0
DA:292,0
DA:293,0
DA:296,0
DA:299,0
DA:300,0
DA:305,0
DA:307,0
DA:312,0
DA:316,0
DA:317,0
DA:320,0
DA:332,0
DA:335,0
DA:336,0
DA:339,0
DA:340,0
DA:343,0
DA:356,0
DA:357,0
DA:360,0
DA:363,0
DA:364,0
DA:366,0
DA:367,0
DA:369,0
DA:371,0
DA:372,0
DA:374,0
DA:376,0
DA:377,0
DA:379,0
DA:381,0
DA:382,0
DA:384,0
DA:388,0
DA:393,0
DA:395,0
DA:413,0
DA:424,0
DA:425,0
DA:428,0
DA:429,0
DA:433,0
DA:437,0
DA:438,0
DA:442,0
DA:443,0
DA:444,0
DA:447,0
DA:448,0
DA:449,0
DA:457,0
DA:458,0
DA:459,0
DA:460,0
DA:462,0
DA:465,0
DA:466,0
DA:467,0
DA:468,0
DA:469,0
DA:470,0
DA:471,0
DA:473,0
DA:484,0
DA:487,0
DA:515,0
DA:525,0
DA:531,0
DA:539,0
LF:122
LH:0
BRDA:69,0,0,0
BRDA:69,0,1,0
BRDA:69,1,0,0
BRDA:69,1,1,0
BRDA:78,2,0,0
BRDA:78,2,1,0
BRDA:83,3,0,0
BRDA:83,3,1,0
BRDA:89,4,0,0
BRDA:89,4,1,0
BRDA:92,5,0,0
BRDA:92,5,1,0
BRDA:100,6,0,0
BRDA:100,6,1,0
BRDA:101,7,0,0
BRDA:101,7,1,0
BRDA:111,8,0,0
BRDA:111,8,1,0
BRDA:112,9,0,0
BRDA:112,9,1,0
BRDA:114,10,0,0
BRDA:114,10,1,0
BRDA:116,11,0,0
BRDA:116,11,1,0
BRDA:117,12,0,0
BRDA:117,12,1,0
BRDA:134,13,0,0
BRDA:134,13,1,0
BRDA:134,14,0,0
BRDA:134,14,1,0
BRDA:144,15,0,0
BRDA:145,16,0,0
BRDA:146,17,0,0
BRDA:147,18,0,0
BRDA:151,19,0,0
BRDA:151,19,1,0
BRDA:152,20,0,0
BRDA:152,20,1,0
BRDA:153,21,0,0
BRDA:153,21,1,0
BRDA:154,22,0,0
BRDA:154,22,1,0
BRDA:155,23,0,0
BRDA:155,23,1,0
BRDA:198,24,0,0
BRDA:198,24,1,0
BRDA:198,25,0,0
BRDA:198,25,1,0
BRDA:207,26,0,0
BRDA:207,26,1,0
BRDA:220,27,0,0
BRDA:220,27,1,0
BRDA:220,28,0,0
BRDA:220,28,1,0
BRDA:228,29,0,0
BRDA:228,29,1,0
BRDA:235,30,0,0
BRDA:235,30,1,0
BRDA:236,31,0,0
BRDA:236,31,1,0
BRDA:239,32,0,0
BRDA:239,32,1,0
BRDA:242,33,0,0
BRDA:242,33,1,0
BRDA:245,34,0,0
BRDA:245,34,1,0
BRDA:258,35,0,0
BRDA:258,35,1,0
BRDA:258,36,0,0
BRDA:258,36,1,0
BRDA:258,36,2,0
BRDA:259,37,0,0
BRDA:259,37,1,0
BRDA:260,38,0,0
BRDA:260,38,1,0
BRDA:261,39,0,0
BRDA:261,39,1,0
BRDA:268,40,0,0
BRDA:268,40,1,0
BRDA:269,41,0,0
BRDA:269,41,1,0
BRDA:270,42,0,0
BRDA:270,42,1,0
BRDA:271,43,0,0
BRDA:271,43,1,0
BRDA:272,44,0,0
BRDA:272,44,1,0
BRDA:273,45,0,0
BRDA:273,45,1,0
BRDA:274,46,0,0
BRDA:274,46,1,0
BRDA:275,47,0,0
BRDA:275,47,1,0
BRDA:275,48,0,0
BRDA:275,48,1,0
BRDA:276,49,0,0
BRDA:276,49,1,0
BRDA:277,50,0,0
BRDA:277,50,1,0
BRDA:278,51,0,0
BRDA:278,51,1,0
BRDA:292,52,0,0
BRDA:292,52,1,0
BRDA:292,53,0,0
BRDA:292,53,1,0
BRDA:299,54,0,0
BRDA:299,54,1,0
BRDA:316,55,0,0
BRDA:316,55,1,0
BRDA:316,56,0,0
BRDA:316,56,1,0
BRDA:335,57,0,0
BRDA:335,57,1,0
BRDA:335,58,0,0
BRDA:335,58,1,0
BRDA:339,59,0,0
BRDA:339,59,1,0
BRDA:363,60,0,0
BRDA:363,60,1,0
BRDA:364,61,0,0
BRDA:364,61,1,0
BRDA:364,61,2,0
BRDA:364,61,3,0
BRDA:424,62,0,0
BRDA:424,62,1,0
BRDA:428,63,0,0
BRDA:428,63,1,0
BRDA:437,64,0,0
BRDA:437,64,1,0
BRDA:442,65,0,0
BRDA:442,65,1,0
BRDA:458,66,0,0
BRDA:458,66,1,0
BRDA:459,67,0,0
BRDA:459,67,1,0
BRDA:17,68,0,0
BRDA:17,68,1,0
BRDA:17,69,0,0
BRDA:17,69,1,0
BRF:139
BRH:0
end_of_record
TN:
SF:src/company-plans/dto/create-company-plan.dto.ts
FN:93,(anonymous_2)
FNF:1
FNH:0
FNDA:0,(anonymous_2)
DA:1,0
DA:13,0
DA:14,0
DA:16,0
DA:18,0
DA:22,0
DA:26,0
DA:32,0
DA:36,0
DA:40,0
DA:43,0
DA:45,0
DA:48,0
DA:52,0
DA:56,0
DA:60,0
DA:64,0
DA:70,0
DA:73,0
DA:77,0
DA:81,0
DA:85,0
DA:89,0
DA:93,0
DA:95,0
LF:25
LH:0
BRDA:64,0,0,0
BRDA:64,0,1,0
BRDA:64,1,0,0
BRDA:64,1,1,0
BRDA:85,2,0,0
BRDA:85,2,1,0
BRDA:85,3,0,0
BRDA:85,3,1,0
BRF:8
BRH:0
end_of_record
TN:
SF:src/company-plans/dto/index.ts
FNF:0
FNH:0
DA:1,0
DA:2,0
DA:3,0
LF:3
LH:0
BRF:0
BRH:0
end_of_record
TN:
SF:src/company-plans/dto/query-company-plan.dto.ts
FN:24,(anonymous_2)
FN:30,(anonymous_3)
FN:37,(anonymous_4)
FNF:3
FNH:0
FNDA:0,(anonymous_2)
FNDA:0,(anonymous_3)
FNDA:0,(anonymous_4)
DA:1,0
DA:2,0
DA:3,0
DA:5,0
DA:8,0
DA:12,0
DA:16,0
DA:20,0
DA:24,0
DA:25,0
DA:30,0
DA:31,0
DA:37,0
DA:38,0
DA:42,0
DA:46,0
LF:16
LH:0
BRDA:16,0,0,0
BRDA:16,0,1,0
BRDA:16,1,0,0
BRDA:16,1,1,0
BRDA:20,2,0,0
BRDA:20,2,1,0
BRDA:20,3,0,0
BRDA:20,3,1,0
BRF:8
BRH:0
end_of_record
TN:
SF:src/company-plans/dto/update-company-plan.dto.ts
FN:100,(anonymous_2)
FNF:1
FNH:0
FNDA:0,(anonymous_2)
DA:1,0
DA:13,0
DA:14,0
DA:16,0
DA:19,0
DA:23,0
DA:28,0
DA:33,0
DA:39,0
DA:43,0
DA:47,0
DA:50,0
DA:53,0
DA:57,0
DA:62,0
DA:66,0
DA:70,0
DA:76,0
DA:80,0
DA:84,0
DA:88,0
DA:92,0
DA:96,0
DA:100,0
DA:102,0
LF:25
LH:0
BRDA:70,0,0,0
BRDA:70,0,1,0
BRDA:70,1,0,0
BRDA:70,1,1,0
BRDA:92,2,0,0
BRDA:92,2,1,0
BRDA:92,3,0,0
BRDA:92,3,1,0
BRF:8
BRH:0
end_of_record
TN:
SF:src/contacts/company-contacts.controller.ts
FN:27,(anonymous_4)
FN:31,(anonymous_5)
FN:37,(anonymous_6)
FN:46,(anonymous_7)
FN:52,(anonymous_8)
FN:62,(anonymous_9)
FN:68,(anonymous_10)
FN:74,(anonymous_11)
FNF:8
FNH:0
FNDA:0,(anonymous_4)
FNDA:0,(anonymous_5)
FNDA:0,(anonymous_6)
FNDA:0,(anonymous_7)
FNDA:0,(anonymous_8)
FNDA:0,(anonymous_9)
FNDA:0,(anonymous_10)
FNDA:0,(anonymous_11)
DA:1,0
DA:12,0
DA:13,0
DA:14,0
DA:15,0
DA:16,0
DA:26,0
DA:27,0
DA:31,0
DA:32,0
DA:37,0
DA:41,0
DA:46,0
DA:47,0
DA:52,0
DA:57,0
DA:62,0
DA:63,0
DA:68,0
DA:69,0
DA:74,0
DA:78,0
LF:22
LH:0
BRDA:31,0,0,0
BRDA:31,0,1,0
BRDA:31,1,0,0
BRDA:31,1,1,0
BRDA:39,2,0,0
BRDA:39,2,1,0
BRDA:39,3,0,0
BRDA:39,3,1,0
BRDA:55,4,0,0
BRDA:55,4,1,0
BRDA:55,5,0,0
BRDA:55,5,1,0
BRDA:27,6,0,0
BRDA:27,6,1,0
BRDA:27,7,0,0
BRDA:27,7,1,0
BRF:16
BRH:0
end_of_record
TN:
SF:src/contacts/contacts.module.ts
FNF:0
FNH:0
DA:1,0
DA:2,0
DA:3,0
DA:10,0
LF:4
LH:0
BRF:0
BRH:0
end_of_record
TN:
SF:src/contacts/contacts.service.ts
FN:12,(anonymous_2)
FN:14,(anonymous_3)
FN:72,(anonymous_4)
FN:175,(anonymous_5)
FN:203,(anonymous_6)
FN:263,(anonymous_7)
FN:282,(anonymous_8)
FN:324,(anonymous_9)
FNF:8
FNH:0
FNDA:0,(anonymous_2)
FNDA:0,(anonymous_3)
FNDA:0,(anonymous_4)
FNDA:0,(anonymous_5)
FNDA:0,(anonymous_6)
FNDA:0,(anonymous_7)
FNDA:0,(anonymous_8)
FNDA:0,(anonymous_9)
DA:1,0
DA:6,0
DA:11,0
DA:12,0
DA:16,0
DA:23,0
DA:24,0
DA:28,0
DA:29,0
DA:40,0
DA:83,0
DA:85,0
DA:89,0
DA:90,0
DA:93,0
DA:94,0
DA:97,0
DA:98,0
DA:101,0
DA:102,0
DA:108,0
DA:109,0
DA:129,0
DA:138,0
DA:141,0
DA:143,0
DA:164,0
DA:176,0
DA:196,0
DA:197,0
DA:200,0
DA:205,0
DA:212,0
DA:213,0
DA:217,0
DA:218,0
DA:230,0
DA:264,0
DA:271,0
DA:272,0
DA:275,0
DA:279,0
DA:283,0
DA:290,0
DA:291,0
DA:295,0
DA:307,0
DA:326,0
DA:333,0
DA:334,0
DA:337,0
LF:51
LH:0
BRDA:23,0,0,0
BRDA:23,0,1,0
BRDA:28,1,0,0
BRDA:28,1,1,0
BRDA:52,2,0,0
BRDA:52,2,1,0
BRDA:53,3,0,0
BRDA:53,3,1,0
BRDA:54,4,0,0
BRDA:54,4,1,0
BRDA:79,5,0,0
BRDA:80,6,0,0
BRDA:81,7,0,0
BRDA:82,8,0,0
BRDA:89,9,0,0
BRDA:89,9,1,0
BRDA:93,10,0,0
BRDA:93,10,1,0
BRDA:97,11,0,0
BRDA:97,11,1,0
BRDA:101,12,0,0
BRDA:101,12,1,0
BRDA:108,13,0,0
BRDA:108,13,1,0
BRDA:138,14,0,0
BRDA:138,14,1,0
BRDA:141,15,0,0
BRDA:141,15,1,0
BRDA:196,16,0,0
BRDA:196,16,1,0
BRDA:212,17,0,0
BRDA:212,17,1,0
BRDA:217,18,0,0
BRDA:217,18,1,0
BRDA:233,19,0,0
BRDA:233,19,1,0
BRDA:234,20,0,0
BRDA:234,20,1,0
BRDA:235,21,0,0
BRDA:235,21,1,0
BRDA:236,22,0,0
BRDA:236,22,1,0
BRDA:237,23,0,0
BRDA:237,23,1,0
BRDA:238,24,0,0
BRDA:238,24,1,0
BRDA:239,25,0,0
BRDA:239,25,1,0
BRDA:240,26,0,0
BRDA:240,26,1,0
BRDA:241,27,0,0
BRDA:241,27,1,0
BRDA:242,28,0,0
BRDA:242,28,1,0
BRDA:243,29,0,0
BRDA:243,29,1,0
BRDA:244,30,0,0
BRDA:244,30,1,0
BRDA:245,31,0,0
BRDA:245,31,1,0
BRDA:246,32,0,0
BRDA:246,32,1,0
BRDA:271,33,0,0
BRDA:271,33,1,0
BRDA:290,34,0,0
BRDA:290,34,1,0
BRDA:333,35,0,0
BRDA:333,35,1,0
BRDA:12,36,0,0
BRDA:12,36,1,0
BRDA:12,37,0,0
BRDA:12,37,1,0
BRF:72
BRH:0
end_of_record
TN:
SF:src/contacts/dto/create-contact.dto.ts
FNF:0
FNH:0
DA:1,0
DA:11,0
DA:15,0
DA:20,0
DA:23,0
DA:28,0
DA:33,0
DA:37,0
DA:42,0
DA:47,0
DA:52,0
DA:57,0
DA:61,0
DA:65,0
DA:69,0
DA:73,0
LF:16
LH:0
BRF:0
BRH:0
end_of_record
TN:
SF:src/contacts/dto/index.ts
FNF:0
FNH:0
DA:1,0
DA:2,0
DA:3,0
LF:3
LH:0
BRF:0
BRH:0
end_of_record
TN:
SF:src/contacts/dto/query-contacts.dto.ts
FN:21,(anonymous_2)
FN:26,(anonymous_3)
FN:35,(anonymous_4)
FN:41,(anonymous_5)
FNF:4
FNH:0
FNDA:0,(anonymous_2)
FNDA:0,(anonymous_3)
FNDA:0,(anonymous_4)
FNDA:0,(anonymous_5)
DA:1,0
DA:9,0
DA:11,0
DA:14,0
DA:18,0
DA:21,0
DA:23,0
DA:26,0
DA:28,0
DA:32,0
DA:35,0
DA:38,0
DA:41,0
DA:45,0
DA:49,0
DA:53,0
LF:16
LH:0
BRDA:21,0,0,0
BRDA:21,0,1,0
BRDA:26,1,0,0
BRDA:26,1,1,0
BRF:4
BRH:0
end_of_record
TN:
SF:src/contacts/dto/update-contact.dto.ts
FNF:0
FNH:0
DA:1,0
DA:2,0
DA:4,0
LF:3
LH:0
BRF:0
BRH:0
end_of_record
TN:
SF:src/countries/countries.controller.ts
FN:8,(anonymous_4)
FN:11,(anonymous_5)
FNF:2
FNH:0
FNDA:0,(anonymous_4)
FNDA:0,(anonymous_5)
DA:1,0
DA:2,0
DA:3,0
DA:7,0
DA:8,0
DA:11,0
DA:16,0
DA:17,0
DA:18,0
LF:9
LH:0
BRDA:16,0,0,0
BRDA:16,0,1,0
BRDA:16,1,0,0
BRDA:16,1,1,0
BRDA:17,2,0,0
BRDA:17,2,1,0
BRDA:17,3,0,0
BRDA:17,3,1,0
BRDA:8,4,0,0
BRDA:8,4,1,0
BRDA:8,5,0,0
BRDA:8,5,1,0
BRF:12
BRH:0
end_of_record
TN:
SF:src/countries/countries.module.ts
FNF:0
FNH:0
DA:1,0
DA:2,0
DA:3,0
DA:4,0
DA:12,0
LF:5
LH:0
BRF:0
BRH:0
end_of_record
TN:
SF:src/countries/countries.service.ts
FN:6,(anonymous_2)
FN:8,(anonymous_3)
FN:18,(anonymous_4)
FN:24,(anonymous_5)
FNF:4
FNH:0
FNDA:0,(anonymous_2)
FNDA:0,(anonymous_3)
FNDA:0,(anonymous_4)
FNDA:0,(anonymous_5)
DA:1,0
DA:2,0
DA:5,0
DA:6,0
DA:9,0
DA:19,0
DA:25,0
LF:7
LH:0
BRDA:11,0,0,0
BRDA:11,0,1,0
BRDA:12,1,0,0
BRDA:12,1,1,0
BRDA:6,2,0,0
BRDA:6,2,1,0
BRDA:6,3,0,0
BRDA:6,3,1,0
BRF:8
BRH:0
end_of_record
TN:
SF:src/crm-companies/company-crm-companies.controller.ts
FN:31,(anonymous_4)
FN:35,(anonymous_5)
FN:44,(anonymous_6)
FN:53,(anonymous_7)
FN:59,(anonymous_8)
FN:65,(anonymous_9)
FN:71,(anonymous_10)
FN:77,(anonymous_11)
FN:87,(anonymous_12)
FNF:9
FNH:0
FNDA:0,(anonymous_4)
FNDA:0,(anonymous_5)
FNDA:0,(anonymous_6)
FNDA:0,(anonymous_7)
FNDA:0,(anonymous_8)
FNDA:0,(anonymous_9)
FNDA:0,(anonymous_10)
FNDA:0,(anonymous_11)
FNDA:0,(anonymous_12)
DA:1,0
DA:12,0
DA:13,0
DA:18,0
DA:19,0
DA:20,0
DA:30,0
DA:31,0
DA:35,0
DA:39,0
DA:44,0
DA:48,0
DA:53,0
DA:54,0
DA:59,0
DA:60,0
DA:65,0
DA:66,0
DA:71,0
DA:72,0
DA:77,0
DA:82,0
DA:87,0
DA:88,0
LF:24
LH:0
BRDA:37,0,0,0
BRDA:37,0,1,0
BRDA:37,1,0,0
BRDA:37,1,1,0
BRDA:46,2,0,0
BRDA:46,2,1,0
BRDA:46,3,0,0
BRDA:46,3,1,0
BRDA:80,4,0,0
BRDA:80,4,1,0
BRDA:80,5,0,0
BRDA:80,5,1,0
BRDA:31,6,0,0
BRDA:31,6,1,0
BRDA:31,7,0,0
BRDA:31,7,1,0
BRF:16
BRH:0
end_of_record
TN:
SF:src/crm-companies/crm-companies.module.ts
FNF:0
FNH:0
DA:1,0
DA:2,0
DA:3,0
DA:10,0
LF:4
LH:0
BRF:0
BRH:0
end_of_record
TN:
SF:src/crm-companies/crm-companies.service.ts
FN:16,(anonymous_2)
FN:18,(anonymous_3)
FN:87,(anonymous_4)
FN:201,(anonymous_5)
FN:233,(anonymous_6)
FN:318,(anonymous_7)
FN:344,(anonymous_8)
FN:364,(anonymous_9)
FN:368,(anonymous_10)
FNF:9
FNH:0
FNDA:0,(anonymous_2)
FNDA:0,(anonymous_3)
FNDA:0,(anonymous_4)
FNDA:0,(anonymous_5)
FNDA:0,(anonymous_6)
FNDA:0,(anonymous_7)
FNDA:0,(anonymous_8)
FNDA:0,(anonymous_9)
FNDA:0,(anonymous_10)
DA:1,0
DA:6,0
DA:15,0
DA:16,0
DA:20,0
DA:21,0
DA:28,0
DA:29,0
DA:34,0
DA:35,0
DA:38,0
DA:39,0
DA:43,0
DA:101,0
DA:103,0
DA:107,0
DA:108,0
DA:111,0
DA:112,0
DA:115,0
DA:116,0
DA:119,0
DA:120,0
DA:123,0
DA:124,0
DA:130,0
DA:131,0
DA:134,0
DA:135,0
DA:141,0
DA:142,0
DA:153,0
DA:163,0
DA:164,0
DA:166,0
DA:190,0
DA:202,0
DA:226,0
DA:227,0
DA:230,0
DA:234,0
DA:241,0
DA:242,0
DA:246,0
DA:247,0
DA:255,0
DA:256,0
DA:261,0
DA:262,0
DA:265,0
DA:266,0
DA:270,0
DA:319,0
DA:333,0
DA:334,0
DA:337,0
DA:341,0
DA:345,0
DA:365,0
DA:369,0
LF:60
LH:0
BRDA:20,0,0,0
BRDA:20,0,1,0
BRDA:28,1,0,0
BRDA:28,1,1,0
BRDA:34,2,0,0
BRDA:34,2,1,0
BRDA:38,3,0,0
BRDA:38,3,1,0
BRDA:67,4,0,0
BRDA:67,4,1,0
BRDA:97,5,0,0
BRDA:98,6,0,0
BRDA:99,7,0,0
BRDA:100,8,0,0
BRDA:107,9,0,0
BRDA:107,9,1,0
BRDA:111,10,0,0
BRDA:111,10,1,0
BRDA:115,11,0,0
BRDA:115,11,1,0
BRDA:119,12,0,0
BRDA:119,12,1,0
BRDA:123,13,0,0
BRDA:123,13,1,0
BRDA:130,14,0,0
BRDA:130,14,1,0
BRDA:134,15,0,0
BRDA:134,15,1,0
BRDA:141,16,0,0
BRDA:141,16,1,0
BRDA:163,17,0,0
BRDA:163,17,1,0
BRDA:164,18,0,0
BRDA:164,18,1,0
BRDA:226,19,0,0
BRDA:226,19,1,0
BRDA:241,20,0,0
BRDA:241,20,1,0
BRDA:246,21,0,0
BRDA:246,21,1,0
BRDA:246,22,0,0
BRDA:246,22,1,0
BRDA:255,23,0,0
BRDA:255,23,1,0
BRDA:261,24,0,0
BRDA:261,24,1,0
BRDA:265,25,0,0
BRDA:265,25,1,0
BRDA:273,26,0,0
BRDA:273,26,1,0
BRDA:274,27,0,0
BRDA:274,27,1,0
BRDA:275,28,0,0
BRDA:275,28,1,0
BRDA:276,29,0,0
BRDA:276,29,1,0
BRDA:277,30,0,0
BRDA:277,30,1,0
BRDA:278,31,0,0
BRDA:278,31,1,0
BRDA:279,32,0,0
BRDA:279,32,1,0
BRDA:280,33,0,0
BRDA:280,33,1,0
BRDA:281,34,0,0
BRDA:281,34,1,0
BRDA:282,35,0,0
BRDA:282,35,1,0
BRDA:283,36,0,0
BRDA:283,36,1,0
BRDA:284,37,0,0
BRDA:284,37,1,0
BRDA:285,38,0,0
BRDA:285,38,1,0
BRDA:286,39,0,0
BRDA:286,39,1,0
BRDA:289,40,0,0
BRDA:289,40,1,0
BRDA:292,41,0,0
BRDA:292,41,1,0
BRDA:293,42,0,0
BRDA:293,42,1,0
BRDA:294,43,0,0
BRDA:294,43,1,0
BRDA:295,44,0,0
BRDA:295,44,1,0
BRDA:296,45,0,0
BRDA:296,45,1,0
BRDA:297,46,0,0
BRDA:297,46,1,0
BRDA:298,47,0,0
BRDA:298,47,1,0
BRDA:299,48,0,0
BRDA:299,48,1,0
BRDA:333,49,0,0
BRDA:333,49,1,0
BRDA:16,50,0,0
BRDA:16,50,1,0
BRDA:16,51,0,0
BRDA:16,51,1,0
BRF:100
BRH:0
end_of_record
TN:
SF:src/crm-companies/dto/create-crm-company.dto.ts
FN:16,(anonymous_2)
FN:25,(anonymous_3)
FN:32,(anonymous_4)
FNF:3
FNH:0
FNDA:0,(anonymous_2)
FNDA:0,(anonymous_3)
FNDA:0,(anonymous_4)
DA:1,0
DA:16,0
DA:17,0
DA:18,0
DA:19,0
DA:20,0
DA:21,0
DA:22,0
DA:25,0
DA:26,0
DA:27,0
DA:28,0
DA:29,0
DA:32,0
DA:33,0
DA:34,0
DA:35,0
DA:36,0
DA:37,0
DA:38,0
DA:39,0
DA:40,0
DA:41,0
DA:42,0
DA:43,0
DA:44,0
DA:45,0
DA:46,0
DA:47,0
DA:50,0
DA:54,0
DA:58,0
DA:62,0
DA:66,0
DA:71,0
DA:76,0
DA:80,0
DA:85,0
DA:89,0
DA:94,0
DA:99,0
DA:104,0
DA:108,0
DA:113,0
DA:118,0
DA:124,0
DA:128,0
DA:132,0
DA:137,0
DA:141,0
DA:145,0
DA:150,0
DA:154,0
LF:53
LH:0
BRDA:16,0,0,0
BRDA:16,0,1,0
BRDA:25,1,0,0
BRDA:25,1,1,0
BRDA:32,2,0,0
BRDA:32,2,1,0
BRF:6
BRH:0
end_of_record
TN:
SF:src/crm-companies/dto/index.ts
FNF:0
FNH:0
DA:1,0
DA:2,0
DA:3,0
LF:3
LH:0
BRF:0
BRH:0
end_of_record
TN:
SF:src/crm-companies/dto/query-crm-companies.dto.ts
FN:35,(anonymous_2)
FN:52,(anonymous_3)
FN:58,(anonymous_4)
FNF:3
FNH:0
FNDA:0,(anonymous_2)
FNDA:0,(anonymous_3)
FNDA:0,(anonymous_4)
DA:1,0
DA:10,0
DA:11,0
DA:17,0
DA:20,0
DA:24,0
DA:28,0
DA:32,0
DA:35,0
DA:37,0
DA:41,0
DA:45,0
DA:49,0
DA:52,0
DA:55,0
DA:58,0
DA:62,0
DA:66,0
DA:70,0
LF:19
LH:0
BRDA:24,0,0,0
BRDA:24,0,1,0
BRDA:24,1,0,0
BRDA:24,1,1,0
BRDA:28,2,0,0
BRDA:28,2,1,0
BRDA:28,3,0,0
BRDA:28,3,1,0
BRDA:32,4,0,0
BRDA:32,4,1,0
BRDA:32,5,0,0
BRDA:32,5,1,0
BRDA:35,6,0,0
BRDA:35,6,1,0
BRF:14
BRH:0
end_of_record
TN:
SF:src/crm-companies/dto/update-crm-company.dto.ts
FNF:0
FNH:0
DA:1,0
DA:2,0
DA:4,0
LF:3
LH:0
BRF:0
BRH:0
end_of_record
TN:
SF:src/currencies/currencies.controller.ts
FN:8,(anonymous_4)
FN:11,(anonymous_5)
FNF:2
FNH:0
FNDA:0,(anonymous_4)
FNDA:0,(anonymous_5)
DA:1,0
DA:2,0
DA:3,0
DA:7,0
DA:8,0
DA:11,0
DA:13,0
DA:14,0
LF:8
LH:0
BRDA:13,0,0,0
BRDA:13,0,1,0
BRDA:13,1,0,0
BRDA:13,1,1,0
BRDA:8,2,0,0
BRDA:8,2,1,0
BRDA:8,3,0,0
BRDA:8,3,1,0
BRF:8
BRH:0
end_of_record
TN:
SF:src/currencies/currencies.module.ts
FNF:0
FNH:0
DA:1,0
DA:2,0
DA:3,0
DA:10,0
LF:4
LH:0
BRF:0
BRH:0
end_of_record
TN:
SF:src/currencies/currencies.service.ts
FN:6,(anonymous_2)
FN:8,(anonymous_3)
FN:15,(anonymous_4)
FN:21,(anonymous_5)
FNF:4
FNH:0
FNDA:0,(anonymous_2)
FNDA:0,(anonymous_3)
FNDA:0,(anonymous_4)
FNDA:0,(anonymous_5)
DA:1,0
DA:2,0
DA:5,0
DA:6,0
DA:9,0
DA:16,0
DA:22,0
LF:7
LH:0
BRDA:10,0,0,0
BRDA:10,0,1,0
BRDA:6,1,0,0
BRDA:6,1,1,0
BRDA:6,2,0,0
BRDA:6,2,1,0
BRF:6
BRH:0
end_of_record
TN:
SF:src/currencies/index.ts
FNF:0
FNH:0
DA:1,0
DA:2,0
DA:3,0
LF:3
LH:0
BRF:0
BRH:0
end_of_record
TN:
SF:src/customers/company-customers.controller.ts
FN:27,(anonymous_4)
FN:31,(anonymous_5)
FN:40,(anonymous_6)
FN:49,(anonymous_7)
FN:55,(anonymous_8)
FN:65,(anonymous_9)
FNF:6
FNH:0
FNDA:0,(anonymous_4)
FNDA:0,(anonymous_5)
FNDA:0,(anonymous_6)
FNDA:0,(anonymous_7)
FNDA:0,(anonymous_8)
FNDA:0,(anonymous_9)
DA:1,0
DA:12,0
DA:13,0
DA:14,0
DA:15,0
DA:16,0
DA:26,0
DA:27,0
DA:31,0
DA:35,0
DA:40,0
DA:44,0
DA:49,0
DA:50,0
DA:55,0
DA:60,0
DA:65,0
DA:66,0
LF:18
LH:0
BRDA:33,0,0,0
BRDA:33,0,1,0
BRDA:33,1,0,0
BRDA:33,1,1,0
BRDA:42,2,0,0
BRDA:42,2,1,0
BRDA:42,3,0,0
BRDA:42,3,1,0
BRDA:58,4,0,0
BRDA:58,4,1,0
BRDA:58,5,0,0
BRDA:58,5,1,0
BRDA:27,6,0,0
BRDA:27,6,1,0
BRDA:27,7,0,0
BRDA:27,7,1,0
BRF:16
BRH:0
end_of_record
TN:
SF:src/customers/customers.module.ts
FNF:0
FNH:0
DA:1,0
DA:2,0
DA:3,0
DA:4,0
DA:12,0
LF:5
LH:0
BRF:0
BRH:0
end_of_record
TN:
SF:src/customers/customers.service.ts
FN:13,(anonymous_2)
FN:15,(anonymous_3)
FN:79,(anonymous_4)
FN:141,(anonymous_5)
FN:168,(anonymous_6)
FN:223,(anonymous_7)
FN:237,(anonymous_8)
FNF:7
FNH:5
FNDA:16,(anonymous_2)
FNDA:8,(anonymous_3)
FNDA:0,(anonymous_4)
FNDA:4,(anonymous_5)
FNDA:0,(anonymous_6)
FNDA:2,(anonymous_7)
FNDA:4,(anonymous_8)
DA:1,1
DA:6,1
DA:8,1
DA:9,1
DA:12,1
DA:13,16
DA:17,8
DA:19,8
DA:20,1
DA:23,7
DA:24,1
DA:28,6
DA:29,2
DA:32,2
DA:33,1
DA:38,5
DA:39,1
DA:42,1
DA:43,1
DA:47,4
DA:90,0
DA:92,0
DA:116,0
DA:130,0
DA:142,4
DA:161,4
DA:162,1
DA:165,3
DA:169,0
DA:172,0
DA:173,0
DA:176,0
DA:177,0
DA:182,0
DA:183,0
DA:186,0
DA:187,0
DA:191,0
DA:224,2
DA:227,2
DA:228,1
DA:231,1
DA:233,1
DA:243,4
DA:244,2
DA:246,2
DA:247,2
LF:47
LH:33
BRDA:17,0,0,8
BRDA:17,0,1,4
BRDA:19,1,0,1
BRDA:19,1,1,7
BRDA:19,2,0,8
BRDA:19,2,1,2
BRDA:23,3,0,1
BRDA:23,3,1,6
BRDA:23,4,0,7
BRDA:23,4,1,6
BRDA:23,4,2,1
BRDA:28,5,0,2
BRDA:28,5,1,4
BRDA:32,6,0,1
BRDA:32,6,1,1
BRDA:38,7,0,1
BRDA:38,7,1,4
BRDA:42,8,0,1
BRDA:42,8,1,0
BRDA:69,9,0,4
BRDA:69,9,1,4
BRDA:86,10,0,0
BRDA:87,11,0,0
BRDA:88,12,0,0
BRDA:89,13,0,0
BRDA:94,14,0,0
BRDA:94,14,1,0
BRDA:95,15,0,0
BRDA:95,15,1,0
BRDA:96,16,0,0
BRDA:96,16,1,0
BRDA:96,17,0,0
BRDA:96,17,1,0
BRDA:99,18,0,0
BRDA:99,18,1,0
BRDA:100,19,0,0
BRDA:100,19,1,0
BRDA:104,20,0,0
BRDA:104,20,1,0
BRDA:161,21,0,1
BRDA:161,21,1,3
BRDA:172,22,0,0
BRDA:172,22,1,0
BRDA:176,23,0,0
BRDA:176,23,1,0
BRDA:182,24,0,0
BRDA:182,24,1,0
BRDA:186,25,0,0
BRDA:186,25,1,0
BRDA:194,26,0,0
BRDA:194,26,1,0
BRDA:195,27,0,0
BRDA:195,27,1,0
BRDA:196,28,0,0
BRDA:196,28,1,0
BRDA:197,29,0,0
BRDA:197,29,1,0
BRDA:198,30,0,0
BRDA:198,30,1,0
BRDA:199,31,0,0
BRDA:199,31,1,0
BRDA:200,32,0,0
BRDA:200,32,1,0
BRDA:201,33,0,0
BRDA:201,33,1,0
BRDA:202,34,0,0
BRDA:202,34,1,0
BRDA:203,35,0,0
BRDA:203,35,1,0
BRDA:204,36,0,0
BRDA:204,36,1,0
BRDA:205,37,0,0
BRDA:205,37,1,0
BRDA:206,38,0,0
BRDA:206,38,1,0
BRDA:207,39,0,0
BRDA:207,39,1,0
BRDA:208,40,0,0
BRDA:208,40,1,0
BRDA:209,41,0,0
BRDA:209,41,1,0
BRDA:210,42,0,0
BRDA:210,42,1,0
BRDA:211,43,0,0
BRDA:211,43,1,0
BRDA:212,44,0,0
BRDA:212,44,1,0
BRDA:213,45,0,0
BRDA:213,45,1,0
BRDA:214,46,0,0
BRDA:214,46,1,0
BRDA:227,47,0,1
BRDA:227,47,1,1
BRDA:243,48,0,2
BRDA:243,48,1,2
BRDA:244,49,0,2
BRDA:244,49,1,1
BRDA:247,50,0,1
BRDA:247,50,1,1
BRDA:13,51,0,1
BRDA:13,51,1,0
BRDA:13,52,0,1
BRDA:13,52,1,1
BRF:103
BRH:33
end_of_record
TN:
SF:src/customers/dto/create-customer.dto.ts
FNF:0
FNH:0
DA:1,0
DA:11,0
DA:13,0
DA:16,0
DA:21,0
DA:25,0
DA:29,0
DA:33,0
DA:38,0
DA:42,0
DA:47,0
DA:51,0
DA:55,0
DA:60,0
DA:64,0
DA:68,0
DA:72,0
DA:77,0
DA:81,0
DA:85,0
DA:90,0
DA:95,0
DA:101,0
DA:105,0
LF:24
LH:0
BRDA:16,0,0,0
BRDA:16,0,1,0
BRDA:16,1,0,0
BRDA:16,1,1,0
BRF:4
BRH:0
end_of_record
TN:
SF:src/customers/dto/index.ts
FNF:0
FNH:0
DA:1,0
DA:2,0
DA:3,0
LF:3
LH:0
BRF:0
BRH:0
end_of_record
TN:
SF:src/customers/dto/query-customers.dto.ts
FN:25,(anonymous_2)
FN:39,(anonymous_3)
FN:46,(anonymous_4)
FNF:3
FNH:0
FNDA:0,(anonymous_2)
FNDA:0,(anonymous_3)
FNDA:0,(anonymous_4)
DA:1,0
DA:11,0
DA:12,0
DA:14,0
DA:17,0
DA:21,0
DA:25,0
DA:26,0
DA:30,0
DA:34,0
DA:39,0
DA:40,0
DA:46,0
DA:47,0
DA:51,0
DA:55,0
LF:16
LH:0
BRDA:21,0,0,0
BRDA:21,0,1,0
BRDA:21,1,0,0
BRDA:21,1,1,0
BRDA:25,2,0,0
BRDA:25,2,1,0
BRF:6
BRH:0
end_of_record
TN:
SF:src/customers/dto/update-customer.dto.ts
FNF:0
FNH:0
DA:1,0
DA:2,0
DA:4,0
LF:3
LH:0
BRF:0
BRH:0
end_of_record
TN:
SF:src/dashboard/dashboard.controller.ts
FN:9,(anonymous_4)
FN:12,(anonymous_5)
FN:17,(anonymous_6)
FNF:3
FNH:0
FNDA:0,(anonymous_4)
FNDA:0,(anonymous_5)
FNDA:0,(anonymous_6)
DA:1,0
DA:2,0
DA:3,0
DA:4,0
DA:8,0
DA:9,0
DA:12,0
DA:13,0
DA:17,0
DA:18,0
LF:10
LH:0
BRDA:9,0,0,0
BRDA:9,0,1,0
BRDA:9,1,0,0
BRDA:9,1,1,0
BRF:4
BRH:0
end_of_record
TN:
SF:src/dashboard/dashboard.module.ts
FNF:0
FNH:0
DA:1,0
DA:2,0
DA:3,0
DA:4,0
DA:11,0
LF:5
LH:0
BRF:0
BRH:0
end_of_record
TN:
SF:src/dashboard/dashboard.service.ts
FN:6,(anonymous_2)
FN:8,(anonymous_3)
FN:92,(anonymous_4)
FN:140,(anonymous_5)
FN:192,(anonymous_6)
FN:198,(anonymous_7)
FN:204,(anonymous_8)
FN:214,(anonymous_9)
FNF:8
FNH:0
FNDA:0,(anonymous_2)
FNDA:0,(anonymous_3)
FNDA:0,(anonymous_4)
FNDA:0,(anonymous_5)
FNDA:0,(anonymous_6)
FNDA:0,(anonymous_7)
FNDA:0,(anonymous_8)
FNDA:0,(anonymous_9)
DA:1,0
DA:2,0
DA:5,0
DA:6,0
DA:9,0
DA:10,0
DA:11,0
DA:12,0
DA:22,0
DA:66,0
DA:77,0
DA:86,0
DA:92,0
DA:93,0
DA:94,0
DA:95,0
DA:98,0
DA:142,0
DA:191,0
DA:192,0
DA:198,0
DA:204,0
DA:213,0
DA:214,0
LF:24
LH:0
BRDA:93,0,0,0
BRDA:93,0,1,0
BRDA:93,1,0,0
BRDA:93,1,1,0
BRDA:95,2,0,0
BRDA:95,2,1,0
BRDA:140,3,0,0
BRDA:199,4,0,0
BRDA:199,4,1,0
BRDA:205,5,0,0
BRDA:205,5,1,0
BRDA:6,6,0,0
BRDA:6,6,1,0
BRDA:6,7,0,0
BRDA:6,7,1,0
BRF:15
BRH:0
end_of_record
TN:
SF:src/deals/company-deals.controller.ts
FN:29,(anonymous_4)
FN:33,(anonymous_5)
FN:43,(anonymous_6)
FN:52,(anonymous_7)
FN:58,(anonymous_8)
FN:64,(anonymous_9)
FN:70,(anonymous_10)
FN:80,(anonymous_11)
FN:95,(anonymous_12)
FNF:9
FNH:0
FNDA:0,(anonymous_4)
FNDA:0,(anonymous_5)
FNDA:0,(anonymous_6)
FNDA:0,(anonymous_7)
FNDA:0,(anonymous_8)
FNDA:0,(anonymous_9)
FNDA:0,(anonymous_10)
FNDA:0,(anonymous_11)
FNDA:0,(anonymous_12)
DA:1,0
DA:13,0
DA:14,0
DA:15,0
DA:16,0
DA:17,0
DA:28,0
DA:29,0
DA:33,0
DA:38,0
DA:43,0
DA:47,0
DA:52,0
DA:53,0
DA:58,0
DA:59,0
DA:64,0
DA:65,0
DA:70,0
DA:75,0
DA:80,0
DA:85,0
DA:95,0
DA:96,0
LF:24
LH:0
BRDA:35,0,0,0
BRDA:35,0,1,0
BRDA:35,1,0,0
BRDA:35,1,1,0
BRDA:45,2,0,0
BRDA:45,2,1,0
BRDA:45,3,0,0
BRDA:45,3,1,0
BRDA:73,4,0,0
BRDA:73,4,1,0
BRDA:73,5,0,0
BRDA:73,5,1,0
BRDA:29,6,0,0
BRDA:29,6,1,0
BRDA:29,7,0,0
BRDA:29,7,1,0
BRF:16
BRH:0
end_of_record
TN:
SF:src/deals/deals.module.ts
FNF:0
FNH:0
DA:1,0
DA:2,0
DA:3,0
DA:10,0
LF:4
LH:0
BRF:0
BRH:0
end_of_record
TN:
SF:src/deals/deals.service.ts
FN:8,(anonymous_2)
FN:10,(anonymous_3)
FN:57,(anonymous_4)
FN:132,(anonymous_5)
FN:192,(anonymous_6)
FN:235,(anonymous_7)
FN:243,(anonymous_8)
FN:297,(anonymous_9)
FN:301,(anonymous_10)
FNF:9
FNH:0
FNDA:0,(anonymous_2)
FNDA:0,(anonymous_3)
FNDA:0,(anonymous_4)
FNDA:0,(anonymous_5)
FNDA:0,(anonymous_6)
FNDA:0,(anonymous_7)
FNDA:0,(anonymous_8)
FNDA:0,(anonymous_9)
FNDA:0,(anonymous_10)
DA:1,0
DA:2,0
DA:4,0
DA:7,0
DA:8,0
DA:11,0
DA:69,0
DA:71,0
DA:86,0
DA:122,0
DA:133,0
DA:185,0
DA:186,0
DA:189,0
DA:193,0
DA:195,0
DA:236,0
DA:238,0
DA:249,0
DA:251,0
DA:256,0
DA:257,0
DA:261,0
DA:262,0
DA:265,0
DA:298,0
DA:303,0
DA:336,0
LF:28
LH:0
BRDA:14,0,0,0
BRDA:14,0,1,0
BRDA:65,1,0,0
BRDA:66,2,0,0
BRDA:67,3,0,0
BRDA:68,4,0,0
BRDA:73,5,0,0
BRDA:73,5,1,0
BRDA:79,6,0,0
BRDA:79,6,1,0
BRDA:80,7,0,0
BRDA:80,7,1,0
BRDA:81,8,0,0
BRDA:81,8,1,0
BRDA:82,9,0,0
BRDA:82,9,1,0
BRDA:83,10,0,0
BRDA:83,10,1,0
BRDA:185,11,0,0
BRDA:185,11,1,0
BRDA:199,12,0,0
BRDA:199,12,1,0
BRDA:202,13,0,0
BRDA:202,13,1,0
BRDA:256,14,0,0
BRDA:256,14,1,0
BRDA:256,15,0,0
BRDA:256,15,1,0
BRDA:261,16,0,0
BRDA:261,16,1,0
BRDA:261,17,0,0
BRDA:261,17,1,0
BRDA:341,18,0,0
BRDA:341,18,1,0
BRDA:342,19,0,0
BRDA:342,19,1,0
BRDA:344,20,0,0
BRDA:344,20,1,0
BRDA:345,21,0,0
BRDA:345,21,1,0
BRDA:8,22,0,0
BRDA:8,22,1,0
BRDA:8,23,0,0
BRDA:8,23,1,0
BRF:44
BRH:0
end_of_record
TN:
SF:src/deals/dto/create-deal.dto.ts
FNF:0
FNH:0
DA:1,0
DA:10,0
DA:12,0
DA:14,0
DA:18,0
DA:22,0
DA:26,0
DA:30,0
DA:36,0
DA:40,0
DA:44,0
DA:48,0
DA:52,0
DA:56,0
DA:60,0
DA:64,0
LF:16
LH:0
BRDA:30,0,0,0
BRDA:30,0,1,0
BRDA:30,1,0,0
BRDA:30,1,1,0
BRF:4
BRH:0
end_of_record
TN:
SF:src/deals/dto/index.ts
FNF:0
FNH:0
DA:1,0
DA:2,0
DA:3,0
LF:3
LH:0
BRF:0
BRH:0
end_of_record
TN:
SF:src/deals/dto/query-deals.dto.ts
FN:33,(anonymous_2)
FN:38,(anonymous_3)
FN:43,(anonymous_4)
FNF:3
FNH:0
FNDA:0,(anonymous_2)
FNDA:0,(anonymous_3)
FNDA:0,(anonymous_4)
DA:1,0
DA:8,0
DA:9,0
DA:11,0
DA:14,0
DA:18,0
DA:22,0
DA:26,0
DA:30,0
DA:33,0
DA:35,0
DA:38,0
DA:40,0
DA:43,0
DA:45,0
DA:49,0
DA:53,0
LF:17
LH:0
BRDA:18,0,0,0
BRDA:18,0,1,0
BRDA:18,1,0,0
BRDA:18,1,1,0
BRF:4
BRH:0
end_of_record
TN:
SF:src/deals/dto/update-deal.dto.ts
FNF:0
FNH:0
DA:1,0
DA:2,0
DA:3,0
DA:5,0
DA:8,0
DA:12,0
DA:16,0
LF:7
LH:0
BRF:0
BRH:0
end_of_record
TN:
SF:src/demo-requests/admin-demo-requests.controller.ts
FN:22,(anonymous_4)
FN:29,(anonymous_5)
FN:42,(anonymous_6)
FN:55,(anonymous_7)
FN:67,(anonymous_8)
FN:80,(anonymous_9)
FN:93,(anonymous_10)
FNF:7
FNH:0
FNDA:0,(anonymous_4)
FNDA:0,(anonymous_5)
FNDA:0,(anonymous_6)
FNDA:0,(anonymous_7)
FNDA:0,(anonymous_8)
FNDA:0,(anonymous_9)
FNDA:0,(anonymous_10)
DA:1,0
DA:11,0
DA:12,0
DA:13,0
DA:14,0
DA:21,0
DA:22,0
DA:29,0
DA:30,0
DA:31,0
DA:42,0
DA:43,0
DA:44,0
DA:55,0
DA:56,0
DA:67,0
DA:68,0
DA:69,0
DA:80,0
DA:81,0
DA:82,0
DA:93,0
DA:94,0
DA:95,0
LF:24
LH:0
BRDA:29,0,0,0
BRDA:29,0,1,0
BRDA:29,1,0,0
BRDA:29,1,1,0
BRDA:80,2,0,0
BRDA:80,2,1,0
BRDA:80,3,0,0
BRDA:80,3,1,0
BRDA:22,4,0,0
BRDA:22,4,1,0
BRDA:22,5,0,0
BRDA:22,5,1,0
BRF:12
BRH:0
end_of_record
TN:
SF:src/demo-requests/demo-requests.controller.ts
FN:10,(anonymous_4)
FN:17,(anonymous_5)
FNF:2
FNH:0
FNDA:0,(anonymous_4)
FNDA:0,(anonymous_5)
DA:1,0
DA:2,0
DA:3,0
DA:9,0
DA:10,0
DA:17,0
DA:18,0
DA:19,0
LF:8
LH:0
BRDA:17,0,0,0
BRDA:17,0,1,0
BRDA:17,1,0,0
BRDA:17,1,1,0
BRDA:10,2,0,0
BRDA:10,2,1,0
BRDA:10,3,0,0
BRDA:10,3,1,0
BRF:8
BRH:0
end_of_record
TN:
SF:src/demo-requests/demo-requests.module.ts
FNF:0
FNH:0
DA:1,0
DA:2,0
DA:3,0
DA:4,0
DA:11,0
LF:5
LH:0
BRF:0
BRH:0
end_of_record
TN:
SF:src/demo-requests/demo-requests.service.ts
FN:12,(anonymous_2)
FN:17,(anonymous_3)
FN:34,(anonymous_4)
FN:78,(anonymous_5)
FN:93,(anonymous_6)
FN:111,(anonymous_7)
FN:122,(anonymous_8)
FN:132,(anonymous_9)
FN:148,(anonymous_10)
FNF:9
FNH:0
FNDA:0,(anonymous_2)
FNDA:0,(anonymous_3)
FNDA:0,(anonymous_4)
FNDA:0,(anonymous_5)
FNDA:0,(anonymous_6)
FNDA:0,(anonymous_7)
FNDA:0,(anonymous_8)
FNDA:0,(anonymous_9)
FNDA:0,(anonymous_10)
DA:1,0
DA:2,0
DA:8,0
DA:11,0
DA:12,0
DA:18,0
DA:42,0
DA:44,0
DA:56,0
DA:66,0
DA:79,0
DA:83,0
DA:84,0
DA:87,0
DA:94,0
DA:96,0
DA:112,0
DA:114,0
DA:123,0
DA:131,0
DA:133,0
DA:134,0
DA:139,0
DA:149,0
LF:24
LH:0
BRDA:38,0,0,0
BRDA:39,1,0,0
BRDA:40,2,0,0
BRDA:41,3,0,0
BRDA:45,4,0,0
BRDA:45,4,1,0
BRDA:53,5,0,0
BRDA:53,5,1,0
BRDA:83,6,0,0
BRDA:83,6,1,0
BRDA:99,7,0,0
BRDA:99,7,1,0
BRDA:100,8,0,0
BRDA:100,8,1,0
BRDA:101,9,0,0
BRDA:101,9,1,0
BRDA:102,10,0,0
BRDA:102,10,1,0
BRDA:103,11,0,0
BRDA:103,11,1,0
BRDA:12,12,0,0
BRDA:12,12,1,0
BRDA:12,13,0,0
BRDA:12,13,1,0
BRF:24
BRH:0
end_of_record
TN:
SF:src/demo-requests/dto/create-demo-request.dto.ts
FNF:0
FNH:0
DA:1,0
DA:3,0
DA:6,0
DA:9,0
DA:14,0
DA:19,0
DA:24,0
DA:29,0
LF:8
LH:0
BRF:0
BRH:0
end_of_record
TN:
SF:src/demo-requests/dto/index.ts
FN:1,(anonymous_0)
FN:2,(anonymous_1)
FN:3,(anonymous_2)
FNF:3
FNH:0
FNDA:0,(anonymous_0)
FNDA:0,(anonymous_1)
FNDA:0,(anonymous_2)
DA:1,0
DA:2,0
DA:3,0
LF:3
LH:0
BRF:0
BRH:0
end_of_record
TN:
SF:src/demo-requests/dto/query-demo-requests.dto.ts
FN:15,(anonymous_2)
FN:21,(anonymous_3)
FNF:2
FNH:0
FNDA:0,(anonymous_2)
FNDA:0,(anonymous_3)
DA:1,0
DA:2,0
DA:3,0
DA:5,0
DA:8,0
DA:12,0
DA:15,0
DA:18,0
DA:21,0
DA:25,0
DA:29,0
DA:33,0
LF:12
LH:0
BRDA:12,0,0,0
BRDA:12,0,1,0
BRDA:12,1,0,0
BRDA:12,1,1,0
BRF:4
BRH:0
end_of_record
TN:
SF:src/demo-requests/dto/update-demo-request.dto.ts
FNF:0
FNH:0
DA:1,0
DA:8,0
DA:10,0
DA:13,0
DA:18,0
DA:22,0
DA:26,0
DA:30,0
LF:8
LH:0
BRDA:13,0,0,0
BRDA:13,0,1,0
BRDA:13,1,0,0
BRDA:13,1,1,0
BRF:4
BRH:0
end_of_record
TN:
SF:src/departments/company-departments.controller.ts
FN:31,(anonymous_4)
FN:37,(anonymous_5)
FN:46,(anonymous_6)
FN:52,(anonymous_7)
FN:58,(anonymous_8)
FN:68,(anonymous_9)
FN:76,(anonymous_10)
FN:85,(anonymous_11)
FN:95,(anonymous_12)
FN:106,(anonymous_13)
FNF:10
FNH:0
FNDA:0,(anonymous_4)
FNDA:0,(anonymous_5)
FNDA:0,(anonymous_6)
FNDA:0,(anonymous_7)
FNDA:0,(anonymous_8)
FNDA:0,(anonymous_9)
FNDA:0,(anonymous_10)
FNDA:0,(anonymous_11)
FNDA:0,(anonymous_12)
FNDA:0,(anonymous_13)
DA:1,0
DA:11,0
DA:12,0
DA:18,0
DA:19,0
DA:20,0
DA:30,0
DA:31,0
DA:37,0
DA:41,0
DA:46,0
DA:47,0
DA:52,0
DA:53,0
DA:58,0
DA:63,0
DA:68,0
DA:69,0
DA:76,0
DA:80,0
DA:85,0
DA:90,0
DA:95,0
DA:101,0
DA:106,0
DA:111,0
LF:26
LH:0
BRDA:39,0,0,0
BRDA:39,0,1,0
BRDA:39,1,0,0
BRDA:39,1,1,0
BRDA:61,2,0,0
BRDA:61,2,1,0
BRDA:61,3,0,0
BRDA:61,3,1,0
BRDA:88,4,0,0
BRDA:88,4,1,0
BRDA:88,5,0,0
BRDA:88,5,1,0
BRDA:99,6,0,0
BRDA:99,6,1,0
BRDA:99,7,0,0
BRDA:99,7,1,0
BRDA:31,8,0,0
BRDA:31,8,1,0
BRDA:31,9,0,0
BRDA:31,9,1,0
BRF:20
BRH:0
end_of_record
TN:
SF:src/departments/departments.module.ts
FNF:0
FNH:0
DA:1,0
DA:2,0
DA:3,0
DA:4,0
DA:12,0
LF:5
LH:0
BRF:0
BRH:0
end_of_record
TN:
SF:src/departments/departments.service.ts
FN:17,(anonymous_2)
FN:21,(anonymous_3)
FN:90,(anonymous_4)
FN:114,(anonymous_5)
FN:116,(anonymous_6)
FN:166,(anonymous_7)
FN:189,(anonymous_8)
FN:230,(anonymous_9)
FN:306,(anonymous_10)
FN:336,(anonymous_11)
FN:404,(anonymous_12)
FN:449,(anonymous_13)
FN:465,(anonymous_14)
FN:472,(anonymous_15)
FN:495,(anonymous_16)
FNF:15
FNH:0
FNDA:0,(anonymous_2)
FNDA:0,(anonymous_3)
FNDA:0,(anonymous_4)
FNDA:0,(anonymous_5)
FNDA:0,(anonymous_6)
FNDA:0,(anonymous_7)
FNDA:0,(anonymous_8)
FNDA:0,(anonymous_9)
FNDA:0,(anonymous_10)
FNDA:0,(anonymous_11)
FNDA:0,(anonymous_12)
FNDA:0,(anonymous_13)
FNDA:0,(anonymous_14)
FNDA:0,(anonymous_15)
FNDA:0,(anonymous_16)
DA:1,0
DA:7,0
DA:16,0
DA:17,0
DA:23,0
DA:24,0
DA:33,0
DA:34,0
DA:41,0
DA:42,0
DA:46,0
DA:47,0
DA:52,0
DA:53,0
DA:57,0
DA:58,0
DA:64,0
DA:87,0
DA:91,0
DA:113,0
DA:115,0
DA:117,0
DA:127,0
DA:137,0
DA:138,0
DA:139,0
DA:150,0
DA:158,0
DA:167,0
DA:183,0
DA:184,0
DA:188,0
DA:190,0
DA:200,0
DA:210,0
DA:211,0
DA:212,0
DA:223,0
DA:231,0
DA:235,0
DA:236,0
DA:240,0
DA:241,0
DA:249,0
DA:250,0
DA:255,0
DA:257,0
DA:258,0
DA:261,0
DA:265,0
DA:266,0
DA:271,0
DA:272,0
DA:276,0
DA:277,0
DA:283,0
DA:303,0
DA:307,0
DA:316,0
DA:317,0
DA:321,0
DA:322,0
DA:327,0
DA:331,0
DA:338,0
DA:342,0
DA:343,0
DA:347,0
DA:351,0
DA:352,0
DA:356,0
DA:365,0
DA:366,0
DA:372,0
DA:373,0
DA:379,0
DA:390,0
DA:401,0
DA:410,0
DA:414,0
DA:415,0
DA:419,0
DA:420,0
DA:426,0
DA:435,0
DA:446,0
DA:450,0
DA:454,0
DA:455,0
DA:458,0
DA:462,0
DA:467,0
DA:472,0
DA:474,0
DA:495,0
LF:95
LH:0
BRDA:23,0,0,0
BRDA:23,0,1,0
BRDA:33,1,0,0
BRDA:33,1,1,0
BRDA:41,2,0,0
BRDA:41,2,1,0
BRDA:46,3,0,0
BRDA:46,3,1,0
BRDA:52,4,0,0
BRDA:52,4,1,0
BRDA:57,5,0,0
BRDA:57,5,1,0
BRDA:71,6,0,0
BRDA:71,6,1,0
BRDA:138,7,0,0
BRDA:138,7,1,0
BRDA:183,8,0,0
BRDA:183,8,1,0
BRDA:211,9,0,0
BRDA:211,9,1,0
BRDA:235,10,0,0
BRDA:235,10,1,0
BRDA:240,11,0,0
BRDA:240,11,1,0
BRDA:240,12,0,0
BRDA:240,12,1,0
BRDA:249,13,0,0
BRDA:249,13,1,0
BRDA:255,14,0,0
BRDA:255,14,1,0
BRDA:255,15,0,0
BRDA:255,15,1,0
BRDA:257,16,0,0
BRDA:257,16,1,0
BRDA:265,17,0,0
BRDA:265,17,1,0
BRDA:271,18,0,0
BRDA:271,18,1,0
BRDA:271,19,0,0
BRDA:271,19,1,0
BRDA:276,20,0,0
BRDA:276,20,1,0
BRDA:316,21,0,0
BRDA:316,21,1,0
BRDA:321,22,0,0
BRDA:321,22,1,0
BRDA:342,23,0,0
BRDA:342,23,1,0
BRDA:351,24,0,0
BRDA:351,24,1,0
BRDA:365,25,0,0
BRDA:365,25,1,0
BRDA:372,26,0,0
BRDA:372,26,1,0
BRDA:385,27,0,0
BRDA:385,27,1,0
BRDA:414,28,0,0
BRDA:414,28,1,0
BRDA:419,29,0,0
BRDA:419,29,1,0
BRDA:454,30,0,0
BRDA:454,30,1,0
BRDA:17,31,0,0
BRDA:17,31,1,0
BRDA:17,32,0,0
BRDA:17,32,1,0
BRF:66
BRH:0
end_of_record
TN:
SF:src/departments/index.ts
FNF:0
FNH:0
DA:1,0
DA:2,0
DA:3,0
DA:4,0
LF:4
LH:0
BRF:0
BRH:0
end_of_record
TN:
SF:src/departments/dto/add-member.dto.ts
FNF:0
FNH:0
DA:1,0
DA:3,0
DA:5,0
DA:9,0
DA:13,0
LF:5
LH:0
BRF:0
BRH:0
end_of_record
TN:
SF:src/departments/dto/create-department.dto.ts
FNF:0
FNH:0
DA:1,0
DA:3,0
DA:5,0
DA:9,0
DA:13,0
DA:17,0
DA:21,0
DA:25,0
LF:8
LH:0
BRF:0
BRH:0
end_of_record
TN:
SF:src/departments/dto/index.ts
FNF:0
FNH:0
DA:1,0
DA:2,0
DA:3,0
DA:4,0
LF:4
LH:0
BRF:0
BRH:0
end_of_record
TN:
SF:src/departments/dto/update-department.dto.ts
FNF:0
FNH:0
DA:1,0
DA:2,0
DA:4,0
LF:3
LH:0
BRF:0
BRH:0
end_of_record
TN:
SF:src/departments/dto/update-member.dto.ts
FNF:0
FNH:0
DA:1,0
DA:3,0
DA:6,0
DA:10,0
LF:4
LH:0
BRF:0
BRH:0
end_of_record
TN:
SF:src/document-ai/document-ai.controller.ts
FN:41,(anonymous_4)
FN:50,(anonymous_5)
FN:63,(anonymous_6)
FN:147,(anonymous_7)
FN:157,(anonymous_8)
FN:193,(anonymous_9)
FN:194,(anonymous_10)
FN:195,(anonymous_11)
FNF:8
FNH:0
FNDA:0,(anonymous_4)
FNDA:0,(anonymous_5)
FNDA:0,(anonymous_6)
FNDA:0,(anonymous_7)
FNDA:0,(anonymous_8)
FNDA:0,(anonymous_9)
FNDA:0,(anonymous_10)
FNDA:0,(anonymous_11)
DA:1,0
DA:11,0
DA:12,0
DA:13,0
DA:40,0
DA:42,0
DA:43,0
DA:50,0
DA:51,0
DA:63,0
DA:69,0
DA:70,0
DA:74,0
DA:75,0
DA:77,0
DA:81,0
DA:83,0
DA:84,0
DA:89,0
DA:90,0
DA:96,0
DA:97,0
DA:108,0
DA:109,0
DA:111,0
DA:112,0
DA:119,0
DA:120,0
DA:125,0
DA:135,0
DA:136,0
DA:140,0
DA:152,0
DA:155,0
DA:156,0
DA:157,0
DA:159,0
DA:160,0
DA:170,0
DA:171,0
DA:173,0
DA:174,0
DA:177,0
DA:179,0
DA:180,0
DA:181,0
DA:190,0
DA:194,0
DA:195,0
DA:197,0
DA:199,0
DA:200,0
DA:201,0
DA:202,0
DA:203,0
DA:204,0
DA:209,0
LF:57
LH:0
BRDA:69,0,0,0
BRDA:69,0,1,0
BRDA:72,1,0,0
BRDA:72,1,1,0
BRDA:74,2,0,0
BRDA:74,2,1,0
BRDA:83,3,0,0
BRDA:83,3,1,0
BRDA:96,4,0,0
BRDA:96,4,1,0
BRDA:108,5,0,0
BRDA:108,5,1,0
BRDA:108,6,0,0
BRDA:108,6,1,0
BRDA:111,7,0,0
BRDA:111,7,1,0
BRDA:119,8,0,0
BRDA:119,8,1,0
BRDA:129,9,0,0
BRDA:129,9,1,0
BRDA:135,10,0,0
BRDA:135,10,1,0
BRDA:155,11,0,0
BRDA:155,11,1,0
BRDA:159,12,0,0
BRDA:159,12,1,0
BRDA:179,13,0,0
BRDA:179,13,1,0
BRDA:179,14,0,0
BRDA:179,14,1,0
BRDA:197,15,0,0
BRDA:197,15,1,0
BRDA:197,16,0,0
BRDA:197,16,1,0
BRDA:202,17,0,0
BRDA:202,17,1,0
BRDA:202,18,0,0
BRDA:202,18,1,0
BRDA:66,19,0,0
BRDA:66,19,1,0
BRDA:66,20,0,0
BRDA:66,20,1,0
BRDA:42,21,0,0
BRDA:42,21,1,0
BRDA:42,22,0,0
BRDA:42,22,1,0
BRDA:42,23,0,0
BRDA:42,23,1,0
BRDA:42,24,0,0
BRDA:42,24,1,0
BRF:50
BRH:0
end_of_record
TN:
SF:src/document-ai/document-ai.module.ts
FNF:0
FNH:0
DA:1,0
DA:2,0
DA:3,0
DA:4,0
DA:12,0
LF:5
LH:0
BRF:0
BRH:0
end_of_record
TN:
SF:src/document-ai/document-ai.service.ts
FN:34,(anonymous_2)
FN:38,(anonymous_3)
FN:57,(anonymous_4)
FN:64,(anonymous_5)
FN:95,(anonymous_6)
FN:116,(anonymous_7)
FN:153,(anonymous_8)
FN:228,(anonymous_9)
FN:278,(anonymous_10)
FN:302,(anonymous_11)
FNF:10
FNH:0
FNDA:0,(anonymous_2)
FNDA:0,(anonymous_3)
FNDA:0,(anonymous_4)
FNDA:0,(anonymous_5)
FNDA:0,(anonymous_6)
FNDA:0,(anonymous_7)
FNDA:0,(anonymous_8)
FNDA:0,(anonymous_9)
FNDA:0,(anonymous_10)
FNDA:0,(anonymous_11)
DA:1,0
DA:2,0
DA:27,0
DA:28,0
DA:29,0
DA:34,0
DA:35,0
DA:39,0
DA:40,0
DA:42,0
DA:46,0
DA:47,0
DA:50,0
DA:53,0
DA:54,0
DA:58,0
DA:65,0
DA:66,0
DA:67,0
DA:70,0
DA:72,0
DA:73,0
DA:74,0
DA:77,0
DA:78,0
DA:80,0
DA:83,0
DA:85,0
DA:87,0
DA:88,0
DA:99,0
DA:100,0
DA:101,0
DA:104,0
DA:106,0
DA:108,0
DA:109,0
DA:111,0
DA:112,0
DA:120,0
DA:122,0
DA:123,0
DA:126,0
DA:128,0
DA:135,0
DA:143,0
DA:144,0
DA:145,0
DA:146,0
DA:149,0
DA:150,0
DA:154,0
DA:156,0
DA:157,0
DA:160,0
DA:161,0
DA:167,0
DA:168,0
DA:170,0
DA:171,0
DA:172,0
DA:173,0
DA:175,0
DA:176,0
DA:178,0
DA:181,0
DA:182,0
DA:184,0
DA:185,0
DA:188,0
DA:189,0
DA:193,0
DA:194,0
DA:197,0
DA:198,0
DA:201,0
DA:202,0
DA:206,0
DA:207,0
DA:210,0
DA:211,0
DA:213,0
DA:214,0
DA:215,0
DA:217,0
DA:222,0
DA:225,0
DA:229,0
DA:230,0
DA:237,0
DA:238,0
DA:239,0
DA:241,0
DA:244,0
DA:245,0
DA:248,0
DA:249,0
DA:252,0
DA:253,0
DA:257,0
DA:258,0
DA:262,0
DA:263,0
DA:268,0
DA:269,0
DA:271,0
DA:272,0
DA:275,0
DA:279,0
DA:280,0
DA:281,0
DA:282,0
DA:287,0
DA:288,0
DA:289,0
DA:293,0
DA:294,0
DA:295,0
DA:296,0
DA:299,0
DA:303,0
DA:304,0
DA:311,0
DA:313,0
LF:124
LH:0
BRDA:41,0,0,0
BRDA:41,0,1,0
BRDA:46,1,0,0
BRDA:46,1,1,0
BRDA:46,2,0,0
BRDA:46,2,1,0
BRDA:65,3,0,0
BRDA:65,3,1,0
BRDA:73,4,0,0
BRDA:73,4,1,0
BRDA:80,5,0,0
BRDA:80,5,1,0
BRDA:99,6,0,0
BRDA:99,6,1,0
BRDA:122,7,0,0
BRDA:122,7,1,0
BRDA:143,8,0,0
BRDA:143,8,1,0
BRDA:156,9,0,0
BRDA:156,9,1,0
BRDA:160,10,0,0
BRDA:160,10,1,0
BRDA:171,11,0,0
BRDA:171,11,1,0
BRDA:172,12,0,0
BRDA:172,12,1,0
BRDA:172,12,2,0
BRDA:173,13,0,0
BRDA:173,13,1,0
BRDA:178,14,0,0
BRDA:178,14,1,0
BRDA:178,14,2,0
BRDA:178,14,3,0
BRDA:178,14,4,0
BRDA:178,14,5,0
BRDA:178,14,6,0
BRDA:178,14,7,0
BRDA:178,14,8,0
BRDA:178,14,9,0
BRDA:178,14,10,0
BRDA:178,14,11,0
BRDA:178,14,12,0
BRDA:178,14,13,0
BRDA:178,14,14,0
BRDA:178,14,15,0
BRDA:178,14,16,0
BRDA:178,14,17,0
BRDA:214,15,0,0
BRDA:214,15,1,0
BRDA:223,16,0,0
BRDA:223,16,1,0
BRDA:229,17,0,0
BRDA:229,17,1,0
BRDA:238,18,0,0
BRDA:238,18,1,0
BRDA:239,19,0,0
BRDA:239,19,1,0
BRDA:239,19,2,0
BRDA:241,20,0,0
BRDA:241,20,1,0
BRDA:241,20,2,0
BRDA:241,20,3,0
BRDA:241,20,4,0
BRDA:241,20,5,0
BRDA:241,20,6,0
BRDA:241,20,7,0
BRDA:241,20,8,0
BRDA:241,20,9,0
BRDA:241,20,10,0
BRDA:241,20,11,0
BRDA:248,21,0,0
BRDA:248,21,1,0
BRDA:252,22,0,0
BRDA:252,22,1,0
BRDA:257,23,0,0
BRDA:257,23,1,0
BRDA:268,24,0,0
BRDA:268,24,1,0
BRDA:268,25,0,0
BRDA:268,25,1,0
BRDA:271,26,0,0
BRDA:271,26,1,0
BRDA:271,27,0,0
BRDA:271,27,1,0
BRDA:271,27,2,0
BRDA:275,28,0,0
BRDA:275,28,1,0
BRDA:279,29,0,0
BRDA:279,29,1,0
BRDA:281,30,0,0
BRDA:281,30,1,0
BRDA:281,31,0,0
BRDA:281,31,1,0
BRDA:281,31,2,0
BRDA:288,32,0,0
BRDA:288,32,1,0
BRDA:294,33,0,0
BRDA:294,33,1,0
BRDA:303,34,0,0
BRDA:303,34,1,0
BRDA:306,35,0,0
BRDA:306,35,1,0
BRDA:313,36,0,0
BRDA:313,36,1,0
BRDA:34,37,0,0
BRDA:34,37,1,0
BRDA:34,38,0,0
BRDA:34,38,1,0
BRF:108
BRH:0
end_of_record
TN:
SF:src/emails/company-emails.controller.ts
FN:28,(anonymous_4)
FN:32,(anonymous_5)
FN:42,(anonymous_6)
FN:51,(anonymous_7)
FN:57,(anonymous_8)
FN:63,(anonymous_9)
FN:69,(anonymous_10)
FN:75,(anonymous_11)
FN:91,(anonymous_12)
FN:100,(anonymous_13)
FN:106,(anonymous_14)
FN:116,(anonymous_15)
FN:122,(anonymous_16)
FN:128,(anonymous_17)
FN:134,(anonymous_18)
FNF:15
FNH:0
FNDA:0,(anonymous_4)
FNDA:0,(anonymous_5)
FNDA:0,(anonymous_6)
FNDA:0,(anonymous_7)
FNDA:0,(anonymous_8)
FNDA:0,(anonymous_9)
FNDA:0,(anonymous_10)
FNDA:0,(anonymous_11)
FNDA:0,(anonymous_12)
FNDA:0,(anonymous_13)
FNDA:0,(anonymous_14)
FNDA:0,(anonymous_15)
FNDA:0,(anonymous_16)
FNDA:0,(anonymous_17)
FNDA:0,(anonymous_18)
DA:1,0
DA:13,0
DA:14,0
DA:15,0
DA:16,0
DA:17,0
DA:27,0
DA:28,0
DA:32,0
DA:37,0
DA:42,0
DA:46,0
DA:51,0
DA:52,0
DA:57,0
DA:58,0
DA:63,0
DA:64,0
DA:69,0
DA:70,0
DA:75,0
DA:81,0
DA:82,0
DA:91,0
DA:95,0
DA:100,0
DA:101,0
DA:106,0
DA:111,0
DA:116,0
DA:117,0
DA:122,0
DA:123,0
DA:128,0
DA:129,0
DA:134,0
DA:135,0
LF:37
LH:0
BRDA:81,0,0,0
BRDA:81,0,1,0
BRDA:85,1,0,0
BRDA:85,1,1,0
BRDA:35,2,0,0
BRDA:35,2,1,0
BRDA:35,3,0,0
BRDA:35,3,1,0
BRDA:44,4,0,0
BRDA:44,4,1,0
BRDA:44,5,0,0
BRDA:44,5,1,0
BRDA:109,6,0,0
BRDA:109,6,1,0
BRDA:109,7,0,0
BRDA:109,7,1,0
BRDA:28,8,0,0
BRDA:28,8,1,0
BRDA:28,9,0,0
BRDA:28,9,1,0
BRF:20
BRH:0
end_of_record
TN:
SF:src/emails/emails.module.ts
FNF:0
FNH:0
DA:1,0
DA:2,0
DA:3,0
DA:4,0
DA:12,0
LF:5
LH:0
BRF:0
BRH:0
end_of_record
TN:
SF:src/emails/emails.service.ts
FN:13,(anonymous_2)
FN:76,(anonymous_3)
FN:111,(anonymous_4)
FN:204,(anonymous_5)
FN:217,(anonymous_6)
FN:269,(anonymous_7)
FN:274,(anonymous_8)
FN:293,(anonymous_9)
FN:308,(anonymous_10)
FN:320,(anonymous_11)
FN:324,(anonymous_12)
FN:328,(anonymous_13)
FN:332,(anonymous_14)
FN:417,(anonymous_15)
FN:424,(anonymous_16)
FN:431,(anonymous_17)
FN:440,(anonymous_18)
FN:455,(anonymous_19)
FNF:18
FNH:0
FNDA:0,(anonymous_2)
FNDA:0,(anonymous_3)
FNDA:0,(anonymous_4)
FNDA:0,(anonymous_5)
FNDA:0,(anonymous_6)
FNDA:0,(anonymous_7)
FNDA:0,(anonymous_8)
FNDA:0,(anonymous_9)
FNDA:0,(anonymous_10)
FNDA:0,(anonymous_11)
FNDA:0,(anonymous_12)
FNDA:0,(anonymous_13)
FNDA:0,(anonymous_14)
FNDA:0,(anonymous_15)
FNDA:0,(anonymous_16)
FNDA:0,(anonymous_17)
FNDA:0,(anonymous_18)
FNDA:0,(anonymous_19)
DA:1,0
DA:2,0
DA:4,0
DA:12,0
DA:13,0
DA:15,0
DA:77,0
DA:132,0
DA:134,0
DA:184,0
DA:195,0
DA:205,0
DA:210,0
DA:211,0
DA:214,0
DA:218,0
DA:220,0
DA:270,0
DA:271,0
DA:275,0
DA:277,0
DA:278,0
DA:281,0
DA:283,0
DA:294,0
DA:296,0
DA:298,0
DA:309,0
DA:311,0
DA:321,0
DA:325,0
DA:329,0
DA:333,0
DA:334,0
DA:336,0
DA:337,0
DA:339,0
DA:340,0
DA:352,0
DA:409,0
DA:417,0
DA:424,0
DA:431,0
DA:441,0
DA:456,0
LF:45
LH:0
BRDA:82,0,0,0
BRDA:82,0,1,0
BRDA:83,1,0,0
BRDA:83,1,1,0
BRDA:91,2,0,0
BRDA:91,2,1,0
BRDA:92,3,0,0
BRDA:92,3,1,0
BRDA:96,4,0,0
BRDA:96,4,1,0
BRDA:98,5,0,0
BRDA:98,5,1,0
BRDA:99,6,0,0
BRDA:99,6,1,0
BRDA:100,7,0,0
BRDA:100,7,1,0
BRDA:101,8,0,0
BRDA:101,8,1,0
BRDA:102,9,0,0
BRDA:102,9,1,0
BRDA:103,10,0,0
BRDA:103,10,1,0
BRDA:128,11,0,0
BRDA:129,12,0,0
BRDA:130,13,0,0
BRDA:131,14,0,0
BRDA:136,15,0,0
BRDA:136,15,1,0
BRDA:137,16,0,0
BRDA:137,16,1,0
BRDA:138,17,0,0
BRDA:138,17,1,0
BRDA:139,18,0,0
BRDA:139,18,1,0
BRDA:140,19,0,0
[...]
BRDA:154,22,1,0
BRDA:158,23,0,0
BRDA:158,23,1,0
BRDA:216,24,0,0
BRDA:216,24,1,0
BRDA:226,25,0,0
BRDA:226,25,1,0
BRDA:231,26,0,0
BRDA:231,26,1,0
BRDA:235,27,0,0
BRDA:235,27,1,0
BRDA:243,28,0,0
BRDA:243,28,1,0
BRDA:244,29,0,0
BRDA:244,29,1,0
BRDA:245,30,0,0
BRDA:245,30,1,0
BRDA:247,31,0,0
BRDA:247,31,1,0
BRDA:248,32,0,0
BRDA:248,32,1,0
BRDA:268,33,0,0
BRDA:268,33,1,0
BRDA:272,34,0,0
BRDA:272,34,1,0
BRDA:272,35,0,0
BRDA:272,35,1,0
BRDA:297,36,0,0
BRDA:297,36,1,0
BRDA:331,37,0,0
BRDA:331,37,1,0
BRDA:335,38,0,0
BRDA:335,38,1,0
BRDA:343,39,0,0
BRDA:343,39,1,0
BRDA:345,40,0,0
BRDA:345,40,1,0
BRDA:349,41,0,0
BRDA:349,41,1,0
BRDA:374,42,0,0
BRDA:374,42,1,0
BRDA:378,43,0,0
BRDA:378,43,1,0
BRDA:383,44,0,0
BRDA:383,44,1,0
BRDA:383,45,0,0
BRDA:383,45,1,0
BRDA:387,46,0,0
BRDA:387,46,1,0
BRDA:413,47,0,0
BRDA:413,47,1,0
BRDA:426,48,0,0
BRDA:426,48,1,0
BRDA:17,49,0,0
BRDA:17,49,1,0
BRDA:17,50,0,0
BRDA:17,50,1,0
BRF:98
BRH:0
end_of_record
TN:
SF:src/purchase-orders/dto/create-purchase-order.dto.ts
FN:55,(anonymous_2)
FNF:1
FNH:0
FNDA:0,(anonymous_2)
DA:1,0
DA:11,0
DA:13,0
DA:16,0
DA:20,0
DA:24,0
DA:29,0
DA:32,0
DA:35,0
DA:39,0
DA:43,0
DA:47,0
DA:51,0
DA:55,0
DA:56,0
LF:15
LH:0
BRF:0
BRH:0
end_of_record
TN:
SF:src/purchase-orders/dto/index.ts
FNF:0
FNH:0
DA:1,0
DA:2,0
DA:3,0
LF:3
LH:0
BRF:0
BRH:0
end_of_record
TN:
SF:src/purchase-orders/dto/query-purchase-orders.dto.ts
FN:27,(anonymous_2)
FN:33,(anonymous_3)
FNF:2
FNH:0
FNDA:0,(anonymous_2)
FNDA:0,(anonymous_3)
DA:1,0
DA:2,0
DA:3,0
DA:5,0
DA:8,0
DA:12,0
DA:16,0
DA:20,0
DA:24,0
DA:27,0
DA:30,0
DA:33,0
DA:36,0
DA:40,0
DA:44,0
LF:15
LH:0
BRDA:12,0,0,0
BRDA:12,0,1,0
BRDA:12,1,0,0
BRDA:12,1,1,0
BRF:4
BRH:0
end_of_record
TN:
SF:src/purchase-orders/dto/update-purchase-order.dto.ts
FNF:0
FNH:0
DA:1,0
DA:3,0
DA:6,0
DA:10,0
DA:14,0
DA:18,0
LF:6
LH:0
BRF:0
BRH:0
end_of_record
TN:
SF:src/push-notifications/push-notifications.controller.ts
FN:38,(anonymous_4)
FN:44,(anonymous_5)
FN:56,(anonymous_6)
FN:81,(anonymous_7)
FN:91,(anonymous_8)
FN:96,(anonymous_9)
FN:111,(anonymous_10)
FNF:7
FNH:0
FNDA:0,(anonymous_4)
FNDA:0,(anonymous_5)
FNDA:0,(anonymous_6)
FNDA:0,(anonymous_7)
FNDA:0,(anonymous_8)
FNDA:0,(anonymous_9)
FNDA:0,(anonymous_10)
DA:1,0
DA:13,0
DA:14,0
DA:37,0
DA:38,0
DA:44,0
DA:45,0
DA:56,0
DA:57,0
DA:64,0
DA:69,0
DA:81,0
DA:82,0
DA:83,0
DA:91,0
DA:92,0
DA:96,0
DA:111,0
DA:112,0
DA:113,0
LF:20
LH:0
BRDA:38,0,0,0
BRDA:38,0,1,0
BRDA:38,1,0,0
BRDA:38,1,1,0
BRF:4
BRH:0
end_of_record
TN:
SF:src/push-notifications/push-notifications.module.ts
FNF:0
FNH:0
DA:1,0
DA:2,0
DA:3,0
DA:11,0
LF:4
LH:0
BRF:0
BRH:0
end_of_record
TN:
SF:src/push-notifications/push-notifications.service.ts
FN:27,(anonymous_11)
FN:32,(anonymous_12)
FN:36,(anonymous_13)
FN:71,(anonymous_14)
FN:78,(anonymous_15)
FN:114,(anonymous_16)
FN:132,(anonymous_17)
FN:141,(anonymous_18)
FN:155,(anonymous_19)
FN:163,(anonymous_20)
FN:180,(anonymous_21)
FN:188,(anonymous_22)
FN:214,(anonymous_23)
FN:224,(anonymous_24)
FN:232,(anonymous_25)
FN:243,(anonymous_26)
FN:280,(anonymous_27)
FN:300,(anonymous_28)
FN:326,(anonymous_29)
FNF:19
FNH:0
FNDA:0,(anonymous_11)
FNDA:0,(anonymous_12)
FNDA:0,(anonymous_13)
FNDA:0,(anonymous_14)
FNDA:0,(anonymous_15)
FNDA:0,(anonymous_16)
FNDA:0,(anonymous_17)
FNDA:0,(anonymous_18)
FNDA:0,(anonymous_19)
FNDA:0,(anonymous_20)
FNDA:0,(anonymous_21)
FNDA:0,(anonymous_22)
FNDA:0,(anonymous_23)
FNDA:0,(anonymous_24)
FNDA:0,(anonymous_25)
FNDA:0,(anonymous_26)
FNDA:0,(anonymous_27)
FNDA:0,(anonymous_28)
FNDA:0,(anonymous_29)
DA:1,0
DA:2,0
DA:3,0
DA:4,0
DA:23,0
DA:24,0
DA:25,0
DA:28,0
DA:29,0
DA:33,0
DA:37,0
DA:38,0
DA:39,0
DA:41,0
DA:42,0
DA:45,0
DA:48,0
DA:50,0
DA:51,0
DA:61,0
DA:62,0
DA:64,0
DA:72,0
DA:80,0
DA:84,0
DA:86,0
DA:100,0
DA:115,0
DA:119,0
DA:120,0
DA:126,0
DA:133,0
DA:145,0
DA:146,0
DA:147,0
DA:150,0
DA:154,0
DA:155,0
DA:167,0
DA:168,0
DA:169,0
DA:172,0
DA:179,0
DA:180,0
DA:192,0
DA:193,0
DA:194,0
DA:198,0
DA:203,0
DA:204,0
DA:205,0
DA:209,0
DA:214,0
DA:216,0
DA:223,0
DA:224,0
DA:233,0
DA:237,0
DA:247,0
DA:248,0
DA:251,0
DA:274,0
DA:275,0
DA:278,0
DA:279,0
DA:280,0
DA:281,0
DA:282,0
DA:283,0
DA:290,0
DA:291,0
DA:299,0
DA:300,0
DA:302,0
DA:303,0
DA:309,0
DA:313,0
DA:318,0
DA:319,0
DA:327,0
DA:328,0
DA:330,0
DA:337,0
DA:338,0
LF:84
LH:0
BRDA:41,0,0,0
BRDA:41,0,1,0
BRDA:41,1,0,0
BRDA:41,1,1,0
BRDA:41,1,2,0
BRDA:50,2,0,0
BRDA:50,2,1,0
BRDA:84,3,0,0
BRDA:84,3,1,0
BRDA:119,4,0,0
BRDA:119,4,1,0
BRDA:145,5,0,0
BRDA:145,5,1,0
BRDA:167,6,0,0
BRDA:167,6,1,0
BRDA:192,7,0,0
BRDA:192,7,1,0
BRDA:203,8,0,0
BRDA:203,8,1,0
BRDA:237,9,0,0
BRDA:237,9,1,0
BRDA:247,10,0,0
BRDA:247,10,1,0
BRDA:259,11,0,0
BRDA:259,11,1,0
BRDA:265,12,0,0
BRDA:265,12,1,0
BRDA:269,13,0,0
BRDA:269,13,1,0
BRDA:278,14,0,0
BRDA:278,14,1,0
BRDA:281,15,0,0
BRDA:281,15,1,0
BRDA:290,16,0,0
BRDA:290,16,1,0
BRDA:302,17,0,0
BRDA:302,17,1,0
BRDA:28,18,0,0
BRDA:28,18,1,0
BRDA:28,19,0,0
BRDA:28,19,1,0
BRDA:28,20,0,0
BRDA:28,20,1,0
BRDA:28,21,0,0
BRDA:28,21,1,0
BRF:45
BRH:0
end_of_record
TN:
SF:src/settlements/settlements.controller.ts
FN:9,(anonymous_4)
FN:12,(anonymous_5)
FN:34,(anonymous_6)
FN:39,(anonymous_7)
FN:47,(anonymous_8)
FNF:5
FNH:0
FNDA:0,(anonymous_4)
FNDA:0,(anonymous_5)
FNDA:0,(anonymous_6)
FNDA:0,(anonymous_7)
FNDA:0,(anonymous_8)
DA:1,0
DA:2,0
DA:3,0
DA:4,0
DA:8,0
DA:9,0
DA:12,0
DA:21,0
DA:34,0
DA:35,0
DA:39,0
DA:43,0
DA:47,0
DA:48,0
LF:14
LH:0
BRDA:28,0,0,0
BRDA:28,0,1,0
BRDA:28,1,0,0
BRDA:28,1,1,0
BRDA:29,2,0,0
BRDA:29,2,1,0
BRDA:16,3,0,0
BRDA:16,3,1,0
BRDA:16,4,0,0
BRDA:16,4,1,0
BRDA:9,5,0,0
BRDA:9,5,1,0
BRDA:9,6,0,0
BRDA:9,6,1,0
BRF:14
BRH:0
end_of_record
TN:
SF:src/settlements/settlements.module.ts
FNF:0
FNH:0
DA:1,0
DA:2,0
DA:3,0
DA:4,0
DA:12,0
LF:5
LH:0
BRF:0
BRH:0
end_of_record
TN:
SF:src/settlements/settlements.service.ts
FN:7,(anonymous_2)
FN:9,(anonymous_3)
FN:53,(anonymous_4)
FN:62,(anonymous_5)
FN:71,(anonymous_6)
FN:79,(anonymous_7)
FN:79,(anonymous_8)
FN:82,(anonymous_9)
FN:95,(anonymous_10)
FN:96,(anonymous_11)
FNF:10
FNH:0
FNDA:0,(anonymous_2)
FNDA:0,(anonymous_3)
FNDA:0,(anonymous_4)
FNDA:0,(anonymous_5)
FNDA:0,(anonymous_6)
FNDA:0,(anonymous_7)
FNDA:0,(anonymous_8)
FNDA:0,(anonymous_9)
FNDA:0,(anonymous_10)
FNDA:0,(anonymous_11)
DA:1,0
DA:2,0
DA:6,0
DA:7,0
DA:26,0
DA:28,0
DA:54,0
DA:63,0
DA:72,0
DA:79,0
DA:83,0
DA:94,0
DA:95,0
DA:96,0
LF:14
LH:0
BRDA:25,0,0,0
BRDA:26,1,0,0
BRDA:26,1,1,0
BRDA:30,2,0,0
BRDA:30,2,1,0
BRDA:31,3,0,0
BRDA:31,3,1,0
BRDA:32,4,0,0
BRDA:32,4,1,0
BRDA:33,5,0,0
BRDA:33,5,1,0
BRDA:34,6,0,0
BRDA:34,6,1,0
BRDA:35,7,0,0
BRDA:35,7,1,0
BRDA:87,8,0,0
BRDA:87,8,1,0
BRDA:7,9,0,0
BRDA:7,9,1,0
BRDA:7,10,0,0
BRDA:7,10,1,0
BRF:21
BRH:0
end_of_record
TN:
SF:src/suppliers/company-suppliers.controller.ts
FN:27,(anonymous_4)
FN:31,(anonymous_5)
FN:40,(anonymous_6)
FN:49,(anonymous_7)
FN:55,(anonymous_8)
FN:65,(anonymous_9)
FNF:6
FNH:0
FNDA:0,(anonymous_4)
FNDA:0,(anonymous_5)
FNDA:0,(anonymous_6)
FNDA:0,(anonymous_7)
FNDA:0,(anonymous_8)
FNDA:0,(anonymous_9)
DA:1,0
DA:12,0
DA:13,0
DA:14,0
DA:15,0
DA:16,0
DA:26,0
DA:27,0
DA:31,0
DA:35,0
DA:40,0
DA:44,0
DA:49,0
DA:50,0
DA:55,0
DA:60,0
DA:65,0
DA:66,0
LF:18
LH:0
BRDA:33,0,0,0
BRDA:33,0,1,0
BRDA:33,1,0,0
BRDA:33,1,1,0
BRDA:42,2,0,0
BRDA:42,2,1,0
BRDA:42,3,0,0
BRDA:42,3,1,0
BRDA:58,4,0,0
BRDA:58,4,1,0
BRDA:58,5,0,0
BRDA:58,5,1,0
BRDA:27,6,0,0
BRDA:27,6,1,0
BRDA:27,7,0,0
BRDA:27,7,1,0
BRF:16
BRH:0
end_of_record
TN:
SF:src/suppliers/suppliers.controller.ts
FN:20,(anonymous_4)
FN:23,(anonymous_5)
FN:28,(anonymous_6)
FN:33,(anonymous_7)
FN:38,(anonymous_8)
FN:47,(anonymous_9)
FNF:6
FNH:0
FNDA:0,(anonymous_4)
FNDA:0,(anonymous_5)
FNDA:0,(anonymous_6)
FNDA:0,(anonymous_7)
FNDA:0,(anonymous_8)
FNDA:0,(anonymous_9)
DA:1,0
DA:12,0
DA:13,0
DA:14,0
DA:15,0
DA:19,0
DA:20,0
DA:23,0
DA:24,0
DA:28,0
DA:29,0
DA:33,0
DA:34,0
DA:38,0
DA:43,0
DA:47,0
DA:48,0
LF:17
LH:0
BRDA:23,0,0,0
BRDA:23,0,1,0
BRDA:23,1,0,0
BRDA:23,1,1,0
BRDA:28,2,0,0
BRDA:28,2,1,0
BRDA:28,3,0,0
BRDA:28,3,1,0
BRDA:41,4,0,0
BRDA:41,4,1,0
BRDA:41,5,0,0
BRDA:41,5,1,0
BRDA:20,6,0,0
BRDA:20,6,1,0
BRDA:20,7,0,0
BRDA:20,7,1,0
BRF:16
BRH:0
end_of_record
TN:
SF:src/suppliers/suppliers.module.ts
FNF:0
FNH:0
DA:1,0
DA:2,0
DA:3,0
DA:4,0
DA:11,0
LF:5
LH:0
BRF:0
BRH:0
end_of_record
TN:
SF:src/suppliers/suppliers.service.ts
FN:12,(anonymous_2)
FN:14,(anonymous_3)
FN:41,(anonymous_4)
FN:93,(anonymous_5)
FN:108,(anonymous_6)
FN:135,(anonymous_7)
FNF:6
FNH:0
FNDA:0,(anonymous_2)
FNDA:0,(anonymous_3)
FNDA:0,(anonymous_4)
FNDA:0,(anonymous_5)
FNDA:0,(anonymous_6)
FNDA:0,(anonymous_7)
DA:1,0
DA:6,0
DA:11,0
DA:12,0
DA:16,0
DA:17,0
DA:26,0
DA:27,0
DA:33,0
DA:49,0
DA:51,0
DA:56,0
DA:57,0
DA:66,0
DA:67,0
DA:70,0
DA:82,0
DA:94,0
DA:101,0
DA:102,0
DA:105,0
DA:110,0
DA:113,0
DA:114,0
DA:122,0
DA:123,0
DA:129,0
DA:137,0
DA:139,0
LF:29
LH:0
BRDA:16,0,0,0
BRDA:16,0,1,0
BRDA:26,1,0,0
BRDA:26,1,1,0
BRDA:45,2,0,0
BRDA:46,3,0,0
BRDA:47,4,0,0
BRDA:48,5,0,0
BRDA:56,6,0,0
BRDA:56,6,1,0
BRDA:66,7,0,0
BRDA:66,7,1,0
BRDA:101,8,0,0
BRDA:101,8,1,0
BRDA:113,9,0,0
BRDA:113,9,1,0
BRDA:122,10,0,0
BRDA:122,10,1,0
BRDA:12,11,0,0
BRDA:12,11,1,0
BRDA:12,12,0,0
BRDA:12,12,1,0
BRF:22
BRH:0
end_of_record
TN:
SF:src/suppliers/dto/create-supplier.dto.ts
FNF:0
FNH:0
DA:1,0
DA:12,0
DA:15,0
DA:20,0
DA:25,0
DA:30,0
DA:35,0
DA:40,0
DA:44,0
DA:49,0
DA:54,0
DA:59,0
DA:64,0
DA:69,0
DA:74,0
DA:79,0
DA:84,0
DA:89,0
DA:93,0
LF:19
LH:0
BRF:0
BRH:0
end_of_record
TN:
SF:src/suppliers/dto/index.ts
FNF:0
FNH:0
DA:1,0
DA:2,0
DA:3,0
LF:3
LH:0
BRF:0
BRH:0
end_of_record
TN:
SF:src/suppliers/dto/query-suppliers.dto.ts
FN:16,(anonymous_2)
FN:21,(anonymous_3)
FN:27,(anonymous_4)
FNF:3
FNH:0
FNDA:0,(anonymous_2)
FNDA:0,(anonymous_3)
FNDA:0,(anonymous_4)
DA:1,0
DA:8,0
DA:10,0
DA:13,0
DA:16,0
DA:18,0
DA:21,0
DA:24,0
DA:27,0
DA:30,0
DA:34,0
DA:38,0
LF:12
LH:0
BRF:0
BRH:0
end_of_record
TN:
SF:src/suppliers/dto/update-supplier.dto.ts
FNF:0
FNH:0
DA:1,0
DA:2,0
DA:4,0
LF:3
LH:0
BRF:0
BRH:0
end_of_record
TN:
SF:src/tickets/company-tickets.controller.ts
FN:34,(anonymous_4)
FN:40,(anonymous_5)
FN:50,(anonymous_6)
FN:60,(anonymous_7)
FN:66,(anonymous_8)
FN:72,(anonymous_9)
FN:82,(anonymous_10)
FN:90,(anonymous_11)
FN:99,(anonymous_12)
FN:108,(anonymous_13)
FN:114,(anonymous_14)
FN:120,(anonymous_15)
FN:132,(anonymous_16)
FN:148,(anonymous_17)
FN:157,(anonymous_18)
FN:169,(anonymous_19)
FN:185,(anonymous_20)
FN:194,(anonymous_21)
FNF:18
FNH:0
FNDA:0,(anonymous_4)
FNDA:0,(anonymous_5)
FNDA:0,(anonymous_6)
FNDA:0,(anonymous_7)
FNDA:0,(anonymous_8)
FNDA:0,(anonymous_9)
FNDA:0,(anonymous_10)
FNDA:0,(anonymous_11)
FNDA:0,(anonymous_12)
FNDA:0,(anonymous_13)
FNDA:0,(anonymous_14)
FNDA:0,(anonymous_15)
FNDA:0,(anonymous_16)
FNDA:0,(anonymous_17)
FNDA:0,(anonymous_18)
FNDA:0,(anonymous_19)
FNDA:0,(anonymous_20)
FNDA:0,(anonymous_21)
DA:1,0
DA:13,0
DA:14,0
DA:21,0
DA:22,0
DA:23,0
DA:33,0
DA:34,0
DA:40,0
DA:45,0
DA:50,0
DA:55,0
DA:60,0
DA:61,0
DA:66,0
DA:67,0
DA:72,0
DA:77,0
DA:82,0
DA:83,0
DA:90,0
DA:94,0
DA:99,0
DA:103,0
DA:108,0
DA:109,0
DA:114,0
DA:115,0
DA:120,0
DA:125,0
DA:132,0
DA:138,0
DA:148,0
DA:152,0
DA:157,0
DA:162,0
DA:169,0
DA:175,0
DA:185,0
DA:189,0
DA:194,0
DA:199,0
LF:42
LH:0
BRDA:43,0,0,0
BRDA:43,0,1,0
BRDA:43,1,0,0
BRDA:43,1,1,0
BRDA:53,2,0,0
BRDA:53,2,1,0
BRDA:53,3,0,0
BRDA:53,3,1,0
BRDA:75,4,0,0
BRDA:75,4,1,0
BRDA:75,5,0,0
BRDA:75,5,1,0
BRDA:136,6,0,0
BRDA:136,6,1,0
BRDA:136,7,0,0
BRDA:136,7,1,0
BRDA:173,8,0,0
BRDA:173,8,1,0
BRDA:173,9,0,0
BRDA:173,9,1,0
BRDA:34,10,0,0
BRDA:34,10,1,0
BRDA:34,11,0,0
BRDA:34,11,1,0
BRF:24
BRH:0
end_of_record
TN:
SF:src/tickets/ticket-reminders.cron.ts
FN:10,(anonymous_2)
FN:19,(anonymous_3)
FN:105,(anonymous_4)
FN:186,(anonymous_5)
FN:220,(anonymous_6)
FNF:5
FNH:0
FNDA:0,(anonymous_2)
FNDA:0,(anonymous_3)
FNDA:0,(anonymous_4)
FNDA:0,(anonymous_5)
FNDA:0,(anonymous_6)
DA:1,0
DA:2,0
DA:3,0
DA:4,0
DA:7,0
DA:8,0
DA:11,0
DA:12,0
DA:19,0
DA:20,0
DA:23,0
DA:48,0
DA:49,0
DA:52,0
DA:54,0
DA:55,0
DA:57,0
DA:59,0
DA:60,0
DA:64,0
DA:68,0
DA:70,0
DA:72,0
DA:74,0
DA:86,0
DA:92,0
DA:94,0
DA:116,0
DA:117,0
DA:120,0
DA:122,0
DA:127,0
DA:135,0
DA:139,0
DA:146,0
DA:148,0
DA:156,0
DA:160,0
DA:169,0
DA:173,0
DA:191,0
DA:193,0
DA:195,0
DA:196,0
DA:198,0
DA:199,0
DA:201,0
DA:202,0
DA:204,0
DA:205,0
DA:207,0
DA:208,0
DA:210,0
DA:213,0
DA:220,0
DA:221,0
DA:224,0
DA:225,0
DA:227,0
DA:235,0
LF:60
LH:0
BRDA:48,0,0,0
BRDA:48,0,1,0
BRDA:57,1,0,0
BRDA:57,1,1,0
BRDA:68,2,0,0
BRDA:68,2,1,0
BRDA:72,3,0,0
BRDA:72,3,1,0
BRDA:120,4,0,0
BRDA:120,4,1,0
BRDA:122,5,0,0
BRDA:122,5,1,0
BRDA:123,6,0,0
BRDA:123,6,1,0
BRDA:146,7,0,0
BRDA:146,7,1,0
BRDA:146,8,0,0
BRDA:146,8,1,0
BRDA:193,9,0,0
BRDA:193,9,1,0
BRDA:193,9,2,0
BRDA:193,9,3,0
BRDA:193,9,4,0
BRDA:207,10,0,0
BRDA:207,10,1,0
BRDA:11,11,0,0
BRDA:11,11,1,0
BRDA:11,12,0,0
BRDA:11,12,1,0
BRDA:11,13,0,0
BRDA:11,13,1,0
BRDA:11,14,0,0
BRDA:11,14,1,0
BRF:33
BRH:0
end_of_record
TN:
SF:src/tickets/tickets.module.ts
FNF:0
FNH:0
DA:1,0
DA:2,0
DA:3,0
DA:4,0
DA:5,0
DA:13,0
LF:6
LH:0
BRF:0
BRH:0
end_of_record
TN:
SF:src/tickets/tickets.service.ts
FN:17,(anonymous_2)
FN:21,(anonymous_3)
FN:45,(anonymous_4)
FN:78,(anonymous_5)
FN:149,(anonymous_6)
FN:196,(anonymous_7)
FN:242,(anonymous_8)
FN:257,(anonymous_9)
FN:287,(anonymous_10)
FN:316,(anonymous_11)
FN:348,(anonymous_12)
FN:375,(anonymous_13)
FN:400,(anonymous_14)
FN:428,(anonymous_15)
FN:448,(anonymous_16)
FN:464,(anonymous_17)
FN:492,(anonymous_18)
FN:507,(anonymous_19)
FN:525,(anonymous_20)
FN:547,(anonymous_21)
FN:620,(anonymous_22)
FN:652,(anonymous_23)
FNF:22
FNH:0
FNDA:0,(anonymous_2)
FNDA:0,(anonymous_3)
FNDA:0,(anonymous_4)
FNDA:0,(anonymous_5)
FNDA:0,(anonymous_6)
FNDA:0,(anonymous_7)
FNDA:0,(anonymous_8)
FNDA:0,(anonymous_9)
FNDA:0,(anonymous_10)
FNDA:0,(anonymous_11)
FNDA:0,(anonymous_12)
FNDA:0,(anonymous_13)
FNDA:0,(anonymous_14)
FNDA:0,(anonymous_15)
FNDA:0,(anonymous_16)
FNDA:0,(anonymous_17)
FNDA:0,(anonymous_18)
FNDA:0,(anonymous_19)
FNDA:0,(anonymous_20)
FNDA:0,(anonymous_21)
FNDA:0,(anonymous_22)
FNDA:0,(anonymous_23)
DA:1,0
DA:6,0
DA:16,0
DA:17,0
DA:22,0
DA:23,0
DA:26,0
DA:34,0
DA:35,0
DA:36,0
DA:37,0
DA:40,0
DA:46,0
DA:48,0
DA:91,0
DA:93,0
DA:96,0
DA:97,0
DA:98,0
DA:99,0
DA:103,0
DA:104,0
DA:105,0
DA:106,0
DA:107,0
DA:109,0
DA:110,0
DA:117,0
DA:138,0
DA:150,0
DA:189,0
DA:190,0
DA:193,0
DA:197,0
DA:201,0
DA:202,0
DA:205,0
DA:208,0
DA:209,0
DA:213,0
DA:214,0
DA:215,0
DA:217,0
DA:218,0
DA:220,0
DA:221,0
DA:225,0
DA:243,0
DA:247,0
DA:248,0
DA:251,0
DA:252,0
DA:258,0
DA:262,0
DA:263,0
DA:266,0
DA:267,0
DA:270,0
DA:288,0
DA:292,0
DA:293,0
DA:296,0
DA:297,0
DA:302,0
DA:317,0
DA:321,0
DA:322,0
DA:325,0
DA:326,0
DA:331,0
DA:349,0
DA:353,0
DA:354,0
DA:357,0
DA:358,0
DA:361,0
DA:376,0
DA:380,0
DA:381,0
DA:384,0
DA:406,0
DA:410,0
DA:411,0
DA:414,0
DA:429,0
DA:433,0
DA:434,0
DA:437,0
DA:449,0
DA:454,0
DA:455,0
DA:458,0
DA:459,0
DA:470,0
DA:474,0
DA:475,0
DA:478,0
DA:493,0
DA:497,0
DA:498,0
DA:501,0
DA:512,0
DA:517,0
DA:518,0
DA:521,0
DA:522,0
DA:526,0
DA:548,0
DA:552,0
DA:553,0
DA:556,0
DA:557,0
DA:560,0
DA:562,0
DA:567,0
DA:578,0
DA:585,0
DA:587,0
DA:598,0
DA:610,0
DA:625,0
DA:627,0
DA:629,0
DA:630,0
DA:632,0
DA:633,0
DA:635,0
DA:636,0
DA:638,0
DA:639,0
DA:641,0
DA:642,0
DA:644,0
DA:647,0
DA:663,0
DA:687,0
LF:136
LH:0
BRDA:35,0,0,0
BRDA:35,0,1,0
BRDA:53,1,0,0
BRDA:53,1,1,0
BRDA:54,2,0,0
BRDA:54,2,1,0
BRDA:56,3,0,0
BRDA:56,3,1,0
BRDA:87,4,0,0
BRDA:88,5,0,0
BRDA:89,6,0,0
BRDA:90,7,0,0
BRDA:96,8,0,0
BRDA:96,8,1,0
BRDA:98,9,0,0
BRDA:98,9,1,0
BRDA:103,10,0,0
BRDA:103,10,1,0
BRDA:104,11,0,0
BRDA:104,11,1,0
BRDA:105,12,0,0
BRDA:105,12,1,0
BRDA:106,13,0,0
BRDA:106,13,1,0
BRDA:107,14,0,0
BRDA:107,14,1,0
BRDA:109,15,0,0
BRDA:109,15,1,0
BRDA:189,16,0,0
BRDA:189,16,1,0
BRDA:201,17,0,0
BRDA:201,17,1,0
BRDA:208,18,0,0
BRDA:208,18,1,0
BRDA:213,19,0,0
BRDA:213,19,1,0
BRDA:214,20,0,0
BRDA:214,20,1,0
BRDA:214,21,0,0
BRDA:214,21,1,0
BRDA:217,22,0,0
BRDA:217,22,1,0
BRDA:217,23,0,0
BRDA:217,23,1,0
BRDA:220,24,0,0
BRDA:220,24,1,0
BRDA:247,25,0,0
BRDA:247,25,1,0
BRDA:262,26,0,0
BRDA:262,26,1,0
BRDA:266,27,0,0
BRDA:266,27,1,0
BRDA:292,28,0,0
BRDA:292,28,1,0
BRDA:296,29,0,0
BRDA:296,29,1,0
BRDA:321,30,0,0
BRDA:321,30,1,0
BRDA:325,31,0,0
BRDA:325,31,1,0
BRDA:353,32,0,0
BRDA:353,32,1,0
BRDA:357,33,0,0
BRDA:357,33,1,0
BRDA:380,34,0,0
BRDA:380,34,1,0
BRDA:410,35,0,0
BRDA:410,35,1,0
BRDA:433,36,0,0
BRDA:433,36,1,0
BRDA:454,37,0,0
BRDA:454,37,1,0
BRDA:454,38,0,0
BRDA:454,38,1,0
BRDA:474,39,0,0
BRDA:474,39,1,0
BRDA:483,40,0,0
BRDA:483,40,1,0
BRDA:484,41,0,0
BRDA:484,41,1,0
BRDA:486,42,0,0
BRDA:486,42,1,0
BRDA:497,43,0,0
BRDA:497,43,1,0
BRDA:517,44,0,0
BRDA:517,44,1,0
BRDA:517,45,0,0
BRDA:517,45,1,0
BRDA:552,46,0,0
BRDA:552,46,1,0
BRDA:560,47,0,0
BRDA:560,47,1,0
BRDA:562,48,0,0
BRDA:562,48,1,0
BRDA:563,49,0,0
BRDA:563,49,1,0
BRDA:585,50,0,0
BRDA:585,50,1,0
BRDA:585,51,0,0
BRDA:585,51,1,0
BRDA:627,52,0,0
BRDA:627,52,1,0
BRDA:627,52,2,0
BRDA:627,52,3,0
BRDA:627,52,4,0
BRDA:641,53,0,0
BRDA:641,53,1,0
BRDA:17,54,0,0
BRDA:17,54,1,0
BRDA:17,55,0,0
BRDA:17,55,1,0
BRF:111
BRH:0
end_of_record
TN:
SF:src/tickets/dto/create-comment.dto.ts
FNF:0
FNH:0
DA:1,0
DA:3,0
DA:5,0
LF:3
LH:0
BRF:0
BRH:0
end_of_record
TN:
SF:src/tickets/dto/create-reminder.dto.ts
FN:11,(anonymous_2)
FNF:1
FNH:0
FNDA:0,(anonymous_2)
DA:1,0
DA:11,0
DA:12,0
DA:13,0
DA:14,0
DA:15,0
DA:16,0
DA:17,0
DA:20,0
DA:22,0
DA:26,0
DA:30,0
DA:35,0
DA:41,0
DA:45,0
DA:51,0
LF:16
LH:0
BRDA:11,0,0,0
BRDA:11,0,1,0
BRF:2
BRH:0
end_of_record
TN:
SF:src/tickets/dto/create-ticket.dto.ts
FN:9,(anonymous_2)
FN:16,(anonymous_3)
FN:24,(anonymous_4)
FNF:3
FNH:0
FNDA:0,(anonymous_2)
FNDA:0,(anonymous_3)
FNDA:0,(anonymous_4)
DA:1,0
DA:9,0
DA:10,0
DA:11,0
DA:12,0
DA:13,0
DA:16,0
DA:17,0
DA:18,0
DA:19,0
DA:20,0
DA:21,0
DA:24,0
DA:25,0
DA:26,0
DA:27,0
DA:28,0
DA:29,0
DA:32,0
DA:34,0
DA:38,0
DA:42,0
DA:46,0
DA:50,0
DA:54,0
DA:58,0
DA:62,0
DA:66,0
LF:28
LH:0
BRDA:9,0,0,0
BRDA:9,0,1,0
BRDA:16,1,0,0
BRDA:16,1,1,0
BRDA:24,2,0,0
BRDA:24,2,1,0
BRF:6
BRH:0
end_of_record
TN:
SF:src/tickets/dto/index.ts
FNF:0
FNH:0
DA:1,0
DA:2,0
DA:3,0
DA:4,0
DA:5,0
LF:5
LH:0
BRF:0
BRH:0
end_of_record
TN:
SF:src/tickets/dto/query-ticket.dto.ts
FN:35,(anonymous_2)
FN:40,(anonymous_3)
FNF:2
FNH:0
FNDA:0,(anonymous_2)
FNDA:0,(anonymous_3)
DA:1,0
DA:2,0
DA:3,0
DA:5,0
DA:8,0
DA:12,0
DA:16,0
DA:20,0
DA:24,0
DA:28,0
DA:32,0
DA:35,0
DA:37,0
DA:40,0
DA:42,0
DA:46,0
DA:50,0
LF:17
LH:0
BRDA:12,0,0,0
BRDA:12,0,1,0
BRDA:12,1,0,0
BRDA:12,1,1,0
BRDA:16,2,0,0
BRDA:16,2,1,0
BRDA:16,3,0,0
BRDA:16,3,1,0
BRDA:20,4,0,0
BRDA:20,4,1,0
BRDA:20,5,0,0
BRDA:20,5,1,0
BRF:12
BRH:0
end_of_record
TN:
SF:src/tickets/dto/update-ticket.dto.ts
FNF:0
FNH:0
DA:1,0
DA:8,0
DA:10,0
DA:13,0
DA:17,0
DA:21,0
DA:25,0
DA:29,0
DA:33,0
DA:37,0
DA:41,0
DA:45,0
DA:49,0
DA:53,0
LF:14
LH:0
BRDA:21,0,0,0
BRDA:21,0,1,0
BRDA:21,1,0,0
BRDA:21,1,1,0
BRDA:25,2,0,0
BRDA:25,2,1,0
BRDA:25,3,0,0
BRDA:25,3,1,0
BRDA:29,4,0,0
BRDA:29,4,1,0
BRDA:29,5,0,0
BRDA:29,5,1,0
BRF:12
BRH:0
end_of_record
TN:
SF:src/uploads/uploads.controller.ts
FN:22,(anonymous_4)
FN:27,(anonymous_5)
FNF:2
FNH:0
FNDA:0,(anonymous_4)
FNDA:0,(anonymous_5)
DA:1,0
DA:10,0
DA:11,0
DA:12,0
DA:13,0
DA:14,0
DA:21,0
DA:22,0
DA:27,0
DA:31,0
DA:32,0
DA:35,0
LF:12
LH:0
BRDA:31,0,0,0
BRDA:31,0,1,0
BRDA:29,1,0,0
BRDA:29,1,1,0
BRDA:29,2,0,0
BRDA:29,2,1,0
BRDA:29,2,2,0
BRDA:22,3,0,0
BRDA:22,3,1,0
BRDA:22,4,0,0
BRDA:22,4,1,0
BRF:11
BRH:0
end_of_record
TN:
SF:src/uploads/uploads.module.ts
FNF:0
FNH:0
DA:1,0
DA:2,0
DA:3,0
DA:10,0
LF:4
LH:0
BRF:0
BRH:0
end_of_record
TN:
SF:src/uploads/uploads.service.ts
FN:27,(anonymous_11)
FN:40,(anonymous_12)
FN:86,(anonymous_13)
FN:102,(anonymous_14)
FNF:4
FNH:0
FNDA:0,(anonymous_11)
FNDA:0,(anonymous_12)
FNDA:0,(anonymous_13)
FNDA:0,(anonymous_14)
DA:1,0
DA:2,0
DA:3,0
DA:8,0
DA:9,0
DA:11,0
DA:18,0
DA:21,0
DA:22,0
DA:27,0
DA:28,0
DA:29,0
DA:31,0
DA:44,0
DA:45,0
DA:50,0
DA:51,0
DA:56,0
DA:57,0
DA:62,0
DA:63,0
DA:65,0
DA:66,0
DA:75,0
DA:77,0
DA:79,0
DA:81,0
DA:82,0
DA:87,0
DA:89,0
DA:90,0
DA:96,0
DA:98,0
DA:103,0
DA:109,0
LF:35
LH:0
BRDA:44,0,0,0
BRDA:44,0,1,0
BRDA:50,1,0,0
BRDA:50,1,1,0
BRDA:56,2,0,0
BRDA:56,2,1,0
BRDA:62,3,0,0
BRDA:62,3,1,0
BRDA:87,4,0,0
BRDA:87,4,1,0
BRDA:87,5,0,0
BRDA:87,5,1,0
BRDA:109,6,0,0
BRDA:109,6,1,0
BRDA:27,7,0,0
BRDA:27,7,1,0
BRDA:27,8,0,0
BRDA:27,8,1,0
BRF:18
BRH:0
end_of_record
